{"G:\\Auto-Mart-Website\\server\\app.js":{"path":"G:\\Auto-Mart-Website\\server\\app.js","statementMap":{"0":{"start":{"line":3,"column":0},"end":{"line":5,"column":3}},"1":{"start":{"line":6,"column":0},"end":{"line":6,"column":28}},"2":{"start":{"line":8,"column":13},"end":{"line":8,"column":53}},"3":{"start":{"line":10,"column":15},"end":{"line":10,"column":57}},"4":{"start":{"line":12,"column":14},"end":{"line":12,"column":55}},"5":{"start":{"line":14,"column":24},"end":{"line":14,"column":77}},"6":{"start":{"line":16,"column":18},"end":{"line":16,"column":64}},"7":{"start":{"line":18,"column":14},"end":{"line":18,"column":55}},"8":{"start":{"line":20,"column":24},"end":{"line":20,"column":60}},"9":{"start":{"line":22,"column":12},"end":{"line":22,"column":60}},"10":{"start":{"line":24,"column":12},"end":{"line":24,"column":60}},"11":{"start":{"line":26,"column":21},"end":{"line":26,"column":78}},"12":{"start":{"line":28,"column":19},"end":{"line":28,"column":74}},"13":{"start":{"line":30,"column":20},"end":{"line":30,"column":76}},"14":{"start":{"line":32,"column":20},"end":{"line":32,"column":76}},"15":{"start":{"line":34,"column":18},"end":{"line":34,"column":72}},"16":{"start":{"line":36,"column":18},"end":{"line":36,"column":72}},"17":{"start":{"line":38,"column":15},"end":{"line":38,"column":66}},"18":{"start":{"line":40,"column":18},"end":{"line":40,"column":72}},"19":{"start":{"line":42,"column":18},"end":{"line":42,"column":72}},"20":{"start":{"line":44,"column":14},"end":{"line":44,"column":64}},"21":{"start":{"line":46,"column":22},"end":{"line":46,"column":80}},"22":{"start":{"line":48,"column":17},"end":{"line":48,"column":70}},"23":{"start":{"line":50,"column":17},"end":{"line":50,"column":70}},"24":{"start":{"line":52,"column":15},"end":{"line":52,"column":64}},"25":{"start":{"line":54,"column":39},"end":{"line":54,"column":95}},"26":{"start":{"line":56,"column":0},"end":{"line":56,"column":28}},"27":{"start":{"line":58,"column":12},"end":{"line":58,"column":42}},"28":{"start":{"line":59,"column":10},"end":{"line":59,"column":36}},"29":{"start":{"line":60,"column":11},"end":{"line":60,"column":35}},"30":{"start":{"line":61,"column":0},"end":{"line":61,"column":40}},"31":{"start":{"line":62,"column":0},"end":{"line":62,"column":114}},"32":{"start":{"line":63,"column":0},"end":{"line":63,"column":39}},"33":{"start":{"line":64,"column":0},"end":{"line":66,"column":4}},"34":{"start":{"line":67,"column":0},"end":{"line":67,"column":62}},"35":{"start":{"line":68,"column":0},"end":{"line":68,"column":49}},"36":{"start":{"line":69,"column":0},"end":{"line":73,"column":3}},"37":{"start":{"line":70,"column":2},"end":{"line":72,"column":5}},"38":{"start":{"line":74,"column":0},"end":{"line":74,"column":38}},"39":{"start":{"line":75,"column":0},"end":{"line":75,"column":41}},"40":{"start":{"line":76,"column":0},"end":{"line":76,"column":52}},"41":{"start":{"line":77,"column":0},"end":{"line":77,"column":50}},"42":{"start":{"line":78,"column":0},"end":{"line":78,"column":50}},"43":{"start":{"line":79,"column":0},"end":{"line":79,"column":49}},"44":{"start":{"line":80,"column":0},"end":{"line":80,"column":48}},"45":{"start":{"line":81,"column":0},"end":{"line":81,"column":48}},"46":{"start":{"line":82,"column":0},"end":{"line":82,"column":45}},"47":{"start":{"line":83,"column":0},"end":{"line":83,"column":48}},"48":{"start":{"line":84,"column":0},"end":{"line":84,"column":47}},"49":{"start":{"line":85,"column":0},"end":{"line":85,"column":48}},"50":{"start":{"line":86,"column":0},"end":{"line":86,"column":43}},"51":{"start":{"line":87,"column":0},"end":{"line":87,"column":47}},"52":{"start":{"line":88,"column":0},"end":{"line":88,"column":52}},"53":{"start":{"line":89,"column":0},"end":{"line":91,"column":3}},"54":{"start":{"line":90,"column":2},"end":{"line":90,"column":53}},"55":{"start":{"line":92,"column":15},"end":{"line":92,"column":18}},"56":{"start":{"line":93,"column":0},"end":{"line":93,"column":30}}},"fnMap":{"0":{"name":"_interopRequireDefault","decl":{"start":{"line":54,"column":9},"end":{"line":54,"column":31}},"loc":{"start":{"line":54,"column":37},"end":{"line":54,"column":97}},"line":54},"1":{"name":"(anonymous_1)","decl":{"start":{"line":69,"column":19},"end":{"line":69,"column":20}},"loc":{"start":{"line":69,"column":39},"end":{"line":73,"column":1}},"line":69},"2":{"name":"(anonymous_2)","decl":{"start":{"line":89,"column":17},"end":{"line":89,"column":18}},"loc":{"start":{"line":89,"column":29},"end":{"line":91,"column":1}},"line":89}},"branchMap":{"0":{"loc":{"start":{"line":54,"column":46},"end":{"line":54,"column":94}},"type":"cond-expr","locations":[{"start":{"line":54,"column":70},"end":{"line":54,"column":73}},{"start":{"line":54,"column":76},"end":{"line":54,"column":94}}],"line":54},"1":{"loc":{"start":{"line":54,"column":46},"end":{"line":54,"column":67}},"type":"binary-expr","locations":[{"start":{"line":54,"column":46},"end":{"line":54,"column":49}},{"start":{"line":54,"column":53},"end":{"line":54,"column":67}}],"line":54},"2":{"loc":{"start":{"line":60,"column":11},"end":{"line":60,"column":35}},"type":"binary-expr","locations":[{"start":{"line":60,"column":11},"end":{"line":60,"column":27}},{"start":{"line":60,"column":31},"end":{"line":60,"column":35}}],"line":60}},"s":{"0":1,"1":1,"2":1,"3":1,"4":1,"5":1,"6":1,"7":1,"8":1,"9":1,"10":1,"11":1,"12":1,"13":1,"14":1,"15":1,"16":1,"17":1,"18":1,"19":1,"20":1,"21":1,"22":1,"23":1,"24":1,"25":22,"26":1,"27":1,"28":1,"29":1,"30":1,"31":1,"32":1,"33":1,"34":1,"35":1,"36":1,"37":0,"38":1,"39":1,"40":1,"41":1,"42":1,"43":1,"44":1,"45":1,"46":1,"47":1,"48":1,"49":1,"50":1,"51":1,"52":1,"53":1,"54":1,"55":1,"56":1},"f":{"0":22,"1":0,"2":1},"b":{"0":[15,7],"1":[22,22],"2":[1,1]},"_coverageSchema":"43e27e138ebf9cfc5966b082cf9a028302ed4184","hash":"2b50200f6a56ec993726b87cd4fa865512089504","contentHash":"bd2ea87b9ab8f8d2c177127ef2a4bc91feaaf8c70ad9e7fee58bf8440fcb6ef3"},"G:\\Auto-Mart-Website\\server\\config\\cloudinaryConfig.js":{"path":"G:\\Auto-Mart-Website\\server\\config\\cloudinaryConfig.js","statementMap":{"0":{"start":{"line":3,"column":0},"end":{"line":5,"column":3}},"1":{"start":{"line":6,"column":0},"end":{"line":11,"column":3}},"2":{"start":{"line":9,"column":4},"end":{"line":9,"column":32}},"3":{"start":{"line":12,"column":0},"end":{"line":12,"column":34}},"4":{"start":{"line":14,"column":18},"end":{"line":14,"column":39}},"5":{"start":{"line":16,"column":14},"end":{"line":16,"column":55}},"6":{"start":{"line":18,"column":39},"end":{"line":18,"column":95}},"7":{"start":{"line":20,"column":0},"end":{"line":20,"column":28}},"8":{"start":{"line":22,"column":23},"end":{"line":29,"column":1}},"9":{"start":{"line":23,"column":2},"end":{"line":27,"column":5}},"10":{"start":{"line":28,"column":2},"end":{"line":28,"column":9}},"11":{"start":{"line":31,"column":0},"end":{"line":31,"column":44}}},"fnMap":{"0":{"name":"get","decl":{"start":{"line":8,"column":16},"end":{"line":8,"column":19}},"loc":{"start":{"line":8,"column":22},"end":{"line":10,"column":3}},"line":8},"1":{"name":"_interopRequireDefault","decl":{"start":{"line":18,"column":9},"end":{"line":18,"column":31}},"loc":{"start":{"line":18,"column":37},"end":{"line":18,"column":97}},"line":18},"2":{"name":"cloudinaryConfig","decl":{"start":{"line":22,"column":32},"end":{"line":22,"column":48}},"loc":{"start":{"line":22,"column":65},"end":{"line":29,"column":1}},"line":22}},"branchMap":{"0":{"loc":{"start":{"line":18,"column":46},"end":{"line":18,"column":94}},"type":"cond-expr","locations":[{"start":{"line":18,"column":70},"end":{"line":18,"column":73}},{"start":{"line":18,"column":76},"end":{"line":18,"column":94}}],"line":18},"1":{"loc":{"start":{"line":18,"column":46},"end":{"line":18,"column":67}},"type":"binary-expr","locations":[{"start":{"line":18,"column":46},"end":{"line":18,"column":49}},{"start":{"line":18,"column":53},"end":{"line":18,"column":67}}],"line":18}},"s":{"0":1,"1":1,"2":0,"3":1,"4":1,"5":1,"6":1,"7":1,"8":1,"9":48,"10":48,"11":1},"f":{"0":0,"1":1,"2":48},"b":{"0":[0,1],"1":[1,1]},"_coverageSchema":"43e27e138ebf9cfc5966b082cf9a028302ed4184","hash":"c5651cdc284df6d467ef48e5dccc1d33eefa3713","contentHash":"27eae30b1542969ad2d520e46fd2fdb3aedc1af90b73ec0cdf5f3811dc6f0eb6"},"G:\\Auto-Mart-Website\\server\\routes\\user.js":{"path":"G:\\Auto-Mart-Website\\server\\routes\\user.js","statementMap":{"0":{"start":{"line":3,"column":0},"end":{"line":5,"column":3}},"1":{"start":{"line":6,"column":0},"end":{"line":6,"column":28}},"2":{"start":{"line":8,"column":15},"end":{"line":8,"column":57}},"3":{"start":{"line":10,"column":13},"end":{"line":10,"column":68}},"4":{"start":{"line":12,"column":14},"end":{"line":12,"column":70}},"5":{"start":{"line":14,"column":39},"end":{"line":14,"column":95}},"6":{"start":{"line":16,"column":13},"end":{"line":16,"column":41}},"7":{"start":{"line":18,"column":0},"end":{"line":18,"column":42}},"8":{"start":{"line":19,"column":0},"end":{"line":19,"column":43}},"9":{"start":{"line":20,"column":15},"end":{"line":20,"column":21}},"10":{"start":{"line":21,"column":0},"end":{"line":21,"column":30}}},"fnMap":{"0":{"name":"_interopRequireDefault","decl":{"start":{"line":14,"column":9},"end":{"line":14,"column":31}},"loc":{"start":{"line":14,"column":37},"end":{"line":14,"column":97}},"line":14}},"branchMap":{"0":{"loc":{"start":{"line":14,"column":46},"end":{"line":14,"column":94}},"type":"cond-expr","locations":[{"start":{"line":14,"column":70},"end":{"line":14,"column":73}},{"start":{"line":14,"column":76},"end":{"line":14,"column":94}}],"line":14},"1":{"loc":{"start":{"line":14,"column":46},"end":{"line":14,"column":67}},"type":"binary-expr","locations":[{"start":{"line":14,"column":46},"end":{"line":14,"column":49}},{"start":{"line":14,"column":53},"end":{"line":14,"column":67}}],"line":14}},"s":{"0":1,"1":1,"2":1,"3":1,"4":1,"5":3,"6":1,"7":1,"8":1,"9":1,"10":1},"f":{"0":3},"b":{"0":[2,1],"1":[3,3]},"_coverageSchema":"43e27e138ebf9cfc5966b082cf9a028302ed4184","hash":"d309662a9170056aca9a1b4d873dc0b1d6a7ef0b","contentHash":"9ccebe6a709b0340e290b6b8631e0059f2cd3c4b74312e5155a2fe7b71d635b1"},"G:\\Auto-Mart-Website\\server\\controllers\\users.js":{"path":"G:\\Auto-Mart-Website\\server\\controllers\\users.js","statementMap":{"0":{"start":{"line":3,"column":0},"end":{"line":5,"column":3}},"1":{"start":{"line":6,"column":0},"end":{"line":6,"column":28}},"2":{"start":{"line":8,"column":20},"end":{"line":8,"column":67}},"3":{"start":{"line":10,"column":14},"end":{"line":10,"column":55}},"4":{"start":{"line":12,"column":16},"end":{"line":12,"column":69}},"5":{"start":{"line":14,"column":13},"end":{"line":14,"column":64}},"6":{"start":{"line":16,"column":0},"end":{"line":16,"column":27}},"7":{"start":{"line":18,"column":39},"end":{"line":18,"column":95}},"8":{"start":{"line":20,"column":77},"end":{"line":20,"column":175}},"9":{"start":{"line":20,"column":94},"end":{"line":20,"column":107}},"10":{"start":{"line":20,"column":121},"end":{"line":20,"column":131}},"11":{"start":{"line":20,"column":151},"end":{"line":20,"column":165}},"12":{"start":{"line":20,"column":166},"end":{"line":20,"column":173}},"13":{"start":{"line":20,"column":176},"end":{"line":20,"column":263}},"14":{"start":{"line":20,"column":193},"end":{"line":20,"column":208}},"15":{"start":{"line":20,"column":218},"end":{"line":20,"column":261}},"16":{"start":{"line":22,"column":33},"end":{"line":22,"column":387}},"17":{"start":{"line":22,"column":65},"end":{"line":22,"column":69}},"18":{"start":{"line":22,"column":78},"end":{"line":22,"column":87}},"19":{"start":{"line":22,"column":89},"end":{"line":22,"column":384}},"20":{"start":{"line":22,"column":147},"end":{"line":22,"column":167}},"21":{"start":{"line":22,"column":193},"end":{"line":22,"column":264}},"22":{"start":{"line":22,"column":290},"end":{"line":22,"column":360}},"23":{"start":{"line":22,"column":363},"end":{"line":22,"column":380}},"24":{"start":{"line":26,"column":0},"end":{"line":133,"column":3}},"25":{"start":{"line":27,"column":13},"end":{"line":128,"column":5}},"26":{"start":{"line":32,"column":4},"end":{"line":127,"column":33}},"27":{"start":{"line":33,"column":6},"end":{"line":126,"column":7}},"28":{"start":{"line":34,"column":8},"end":{"line":125,"column":9}},"29":{"start":{"line":36,"column":12},"end":{"line":36,"column":30}},"30":{"start":{"line":37,"column":12},"end":{"line":37,"column":30}},"31":{"start":{"line":38,"column":12},"end":{"line":38,"column":50}},"32":{"start":{"line":41,"column":12},"end":{"line":41,"column":33}},"33":{"start":{"line":42,"column":12},"end":{"line":42,"column":30}},"34":{"start":{"line":43,"column":12},"end":{"line":43,"column":68}},"35":{"start":{"line":46,"column":12},"end":{"line":46,"column":33}},"36":{"start":{"line":47,"column":12},"end":{"line":55,"column":14}},"37":{"start":{"line":56,"column":12},"end":{"line":56,"column":112}},"38":{"start":{"line":58,"column":12},"end":{"line":61,"column":13}},"39":{"start":{"line":59,"column":14},"end":{"line":59,"column":33}},"40":{"start":{"line":60,"column":14},"end":{"line":60,"column":20}},"41":{"start":{"line":63,"column":12},"end":{"line":66,"column":15}},"42":{"start":{"line":67,"column":12},"end":{"line":67,"column":45}},"43":{"start":{"line":70,"column":12},"end":{"line":70,"column":62}},"44":{"start":{"line":71,"column":12},"end":{"line":71,"column":35}},"45":{"start":{"line":72,"column":12},"end":{"line":72,"column":31}},"46":{"start":{"line":73,"column":12},"end":{"line":73,"column":66}},"47":{"start":{"line":76,"column":12},"end":{"line":76,"column":33}},"48":{"start":{"line":78,"column":12},"end":{"line":81,"column":13}},"49":{"start":{"line":79,"column":14},"end":{"line":79,"column":33}},"50":{"start":{"line":80,"column":14},"end":{"line":80,"column":20}},"51":{"start":{"line":83,"column":12},"end":{"line":86,"column":15}},"52":{"start":{"line":87,"column":12},"end":{"line":87,"column":45}},"53":{"start":{"line":90,"column":12},"end":{"line":90,"column":31}},"54":{"start":{"line":91,"column":12},"end":{"line":91,"column":280}},"55":{"start":{"line":94,"column":12},"end":{"line":94,"column":39}},"56":{"start":{"line":95,"column":12},"end":{"line":97,"column":14}},"57":{"start":{"line":98,"column":12},"end":{"line":100,"column":15}},"58":{"start":{"line":101,"column":12},"end":{"line":110,"column":15}},"59":{"start":{"line":111,"column":12},"end":{"line":111,"column":31}},"60":{"start":{"line":112,"column":12},"end":{"line":112,"column":18}},"61":{"start":{"line":115,"column":12},"end":{"line":115,"column":31}},"62":{"start":{"line":116,"column":12},"end":{"line":116,"column":47}},"63":{"start":{"line":117,"column":12},"end":{"line":120,"column":15}},"64":{"start":{"line":124,"column":12},"end":{"line":124,"column":35}},"65":{"start":{"line":130,"column":2},"end":{"line":132,"column":4}},"66":{"start":{"line":131,"column":4},"end":{"line":131,"column":39}},"67":{"start":{"line":135,"column":15},"end":{"line":135,"column":21}},"68":{"start":{"line":136,"column":0},"end":{"line":136,"column":30}}},"fnMap":{"0":{"name":"_interopRequireDefault","decl":{"start":{"line":18,"column":9},"end":{"line":18,"column":31}},"loc":{"start":{"line":18,"column":37},"end":{"line":18,"column":97}},"line":18},"1":{"name":"asyncGeneratorStep","decl":{"start":{"line":20,"column":9},"end":{"line":20,"column":27}},"loc":{"start":{"line":20,"column":75},"end":{"line":20,"column":265}},"line":20},"2":{"name":"_asyncToGenerator","decl":{"start":{"line":22,"column":9},"end":{"line":22,"column":26}},"loc":{"start":{"line":22,"column":31},"end":{"line":22,"column":389}},"line":22},"3":{"name":"(anonymous_3)","decl":{"start":{"line":22,"column":40},"end":{"line":22,"column":41}},"loc":{"start":{"line":22,"column":52},"end":{"line":22,"column":386}},"line":22},"4":{"name":"(anonymous_4)","decl":{"start":{"line":22,"column":108},"end":{"line":22,"column":109}},"loc":{"start":{"line":22,"column":135},"end":{"line":22,"column":382}},"line":22},"5":{"name":"_next","decl":{"start":{"line":22,"column":178},"end":{"line":22,"column":183}},"loc":{"start":{"line":22,"column":191},"end":{"line":22,"column":266}},"line":22},"6":{"name":"_throw","decl":{"start":{"line":22,"column":276},"end":{"line":22,"column":282}},"loc":{"start":{"line":22,"column":288},"end":{"line":22,"column":362}},"line":22},"7":{"name":"(anonymous_7)","decl":{"start":{"line":26,"column":0},"end":{"line":26,"column":1}},"loc":{"start":{"line":26,"column":12},"end":{"line":133,"column":1}},"line":26},"8":{"name":"_callee","decl":{"start":{"line":29,"column":35},"end":{"line":29,"column":42}},"loc":{"start":{"line":29,"column":53},"end":{"line":128,"column":3}},"line":29},"9":{"name":"_callee$","decl":{"start":{"line":32,"column":44},"end":{"line":32,"column":52}},"loc":{"start":{"line":32,"column":63},"end":{"line":127,"column":5}},"line":32},"10":{"name":"signup","decl":{"start":{"line":130,"column":18},"end":{"line":130,"column":24}},"loc":{"start":{"line":130,"column":34},"end":{"line":132,"column":3}},"line":130}},"branchMap":{"0":{"loc":{"start":{"line":18,"column":46},"end":{"line":18,"column":94}},"type":"cond-expr","locations":[{"start":{"line":18,"column":70},"end":{"line":18,"column":73}},{"start":{"line":18,"column":76},"end":{"line":18,"column":94}}],"line":18},"1":{"loc":{"start":{"line":18,"column":46},"end":{"line":18,"column":67}},"type":"binary-expr","locations":[{"start":{"line":18,"column":46},"end":{"line":18,"column":49}},{"start":{"line":18,"column":53},"end":{"line":18,"column":67}}],"line":18},"2":{"loc":{"start":{"line":20,"column":176},"end":{"line":20,"column":263}},"type":"if","locations":[{"start":{"line":20,"column":176},"end":{"line":20,"column":263}},{"start":{"line":20,"column":176},"end":{"line":20,"column":263}}],"line":20},"3":{"loc":{"start":{"line":34,"column":8},"end":{"line":125,"column":9}},"type":"switch","locations":[{"start":{"line":35,"column":10},"end":{"line":38,"column":50}},{"start":{"line":40,"column":10},"end":{"line":43,"column":68}},{"start":{"line":45,"column":10},"end":{"line":67,"column":45}},{"start":{"line":69,"column":10},"end":{"line":73,"column":66}},{"start":{"line":75,"column":10},"end":{"line":87,"column":45}},{"start":{"line":89,"column":10},"end":{"line":91,"column":280}},{"start":{"line":93,"column":10},"end":{"line":112,"column":18}},{"start":{"line":114,"column":10},"end":{"line":120,"column":15}},{"start":{"line":122,"column":10},"end":{"line":122,"column":18}},{"start":{"line":123,"column":10},"end":{"line":124,"column":35}}],"line":34},"4":{"loc":{"start":{"line":58,"column":12},"end":{"line":61,"column":13}},"type":"if","locations":[{"start":{"line":58,"column":12},"end":{"line":61,"column":13}},{"start":{"line":58,"column":12},"end":{"line":61,"column":13}}],"line":58},"5":{"loc":{"start":{"line":78,"column":12},"end":{"line":81,"column":13}},"type":"if","locations":[{"start":{"line":78,"column":12},"end":{"line":81,"column":13}},{"start":{"line":78,"column":12},"end":{"line":81,"column":13}}],"line":78}},"s":{"0":1,"1":1,"2":1,"3":1,"4":1,"5":1,"6":1,"7":4,"8":17,"9":17,"10":17,"11":0,"12":0,"13":17,"14":5,"15":12,"16":1,"17":5,"18":5,"19":5,"20":5,"21":17,"22":0,"23":5,"24":1,"25":1,"26":5,"27":22,"28":24,"29":5,"30":5,"31":5,"32":5,"33":5,"34":5,"35":5,"36":5,"37":4,"38":4,"39":2,"40":2,"41":2,"42":2,"43":2,"44":2,"45":2,"46":2,"47":2,"48":2,"49":0,"50":0,"51":2,"52":2,"53":0,"54":0,"55":0,"56":0,"57":0,"58":0,"59":0,"60":0,"61":1,"62":1,"63":1,"64":5,"65":1,"66":5,"67":1,"68":1},"f":{"0":4,"1":17,"2":1,"3":5,"4":5,"5":17,"6":0,"7":1,"8":5,"9":22,"10":5},"b":{"0":[2,2],"1":[4,4],"2":[5,12],"3":[5,5,5,2,2,0,0,1,1,5],"4":[2,2],"5":[0,2]},"_coverageSchema":"43e27e138ebf9cfc5966b082cf9a028302ed4184","hash":"5d64373dfb0de17b1c78b39c28bb327fd1873bd1","contentHash":"2bbd2ed397e7496cb742a06abc50e8fa551e19e727240802168d60b7e460d4b9"},"G:\\Auto-Mart-Website\\server\\models\\database.js":{"path":"G:\\Auto-Mart-Website\\server\\models\\database.js","statementMap":{"0":{"start":{"line":3,"column":0},"end":{"line":5,"column":3}},"1":{"start":{"line":6,"column":0},"end":{"line":6,"column":28}},"2":{"start":{"line":8,"column":10},"end":{"line":8,"column":47}},"3":{"start":{"line":10,"column":14},"end":{"line":10,"column":55}},"4":{"start":{"line":12,"column":39},"end":{"line":12,"column":95}},"5":{"start":{"line":14,"column":0},"end":{"line":14,"column":28}},"6":{"start":{"line":16,"column":13},"end":{"line":22,"column":1}},"7":{"start":{"line":23,"column":11},"end":{"line":23,"column":42}},"8":{"start":{"line":24,"column":0},"end":{"line":27,"column":3}},"9":{"start":{"line":26,"column":2},"end":{"line":26,"column":43}},"10":{"start":{"line":28,"column":15},"end":{"line":28,"column":19}},"11":{"start":{"line":29,"column":0},"end":{"line":29,"column":30}}},"fnMap":{"0":{"name":"_interopRequireDefault","decl":{"start":{"line":12,"column":9},"end":{"line":12,"column":31}},"loc":{"start":{"line":12,"column":37},"end":{"line":12,"column":97}},"line":12},"1":{"name":"(anonymous_1)","decl":{"start":{"line":24,"column":19},"end":{"line":24,"column":20}},"loc":{"start":{"line":24,"column":31},"end":{"line":27,"column":1}},"line":24}},"branchMap":{"0":{"loc":{"start":{"line":12,"column":46},"end":{"line":12,"column":94}},"type":"cond-expr","locations":[{"start":{"line":12,"column":70},"end":{"line":12,"column":73}},{"start":{"line":12,"column":76},"end":{"line":12,"column":94}}],"line":12},"1":{"loc":{"start":{"line":12,"column":46},"end":{"line":12,"column":67}},"type":"binary-expr","locations":[{"start":{"line":12,"column":46},"end":{"line":12,"column":49}},{"start":{"line":12,"column":53},"end":{"line":12,"column":67}}],"line":12}},"s":{"0":1,"1":1,"2":1,"3":1,"4":2,"5":1,"6":1,"7":1,"8":1,"9":1,"10":1,"11":1},"f":{"0":2,"1":1},"b":{"0":[0,2],"1":[2,2]},"_coverageSchema":"43e27e138ebf9cfc5966b082cf9a028302ed4184","hash":"52e18b60e2ed1cf057611f4fe86ebdd61c6196fb","contentHash":"a88bb5217028fe0dedda78b19b11e052cd658150f518988dec3568a13e99300d"},"G:\\Auto-Mart-Website\\server\\helpers\\users.js":{"path":"G:\\Auto-Mart-Website\\server\\helpers\\users.js","statementMap":{"0":{"start":{"line":3,"column":0},"end":{"line":5,"column":3}},"1":{"start":{"line":6,"column":0},"end":{"line":6,"column":28}},"2":{"start":{"line":8,"column":11},"end":{"line":8,"column":49}},"3":{"start":{"line":10,"column":39},"end":{"line":10,"column":95}},"4":{"start":{"line":13,"column":25},"end":{"line":27,"column":1}},"5":{"start":{"line":15,"column":24},"end":{"line":24,"column":5}},"6":{"start":{"line":25,"column":4},"end":{"line":25,"column":60}},"7":{"start":{"line":28,"column":15},"end":{"line":28,"column":33}},"8":{"start":{"line":29,"column":0},"end":{"line":29,"column":30}}},"fnMap":{"0":{"name":"_interopRequireDefault","decl":{"start":{"line":10,"column":9},"end":{"line":10,"column":31}},"loc":{"start":{"line":10,"column":37},"end":{"line":10,"column":97}},"line":10},"1":{"name":"validation","decl":{"start":{"line":14,"column":23},"end":{"line":14,"column":33}},"loc":{"start":{"line":14,"column":43},"end":{"line":26,"column":3}},"line":14}},"branchMap":{"0":{"loc":{"start":{"line":10,"column":46},"end":{"line":10,"column":94}},"type":"cond-expr","locations":[{"start":{"line":10,"column":70},"end":{"line":10,"column":73}},{"start":{"line":10,"column":76},"end":{"line":10,"column":94}}],"line":10},"1":{"loc":{"start":{"line":10,"column":46},"end":{"line":10,"column":67}},"type":"binary-expr","locations":[{"start":{"line":10,"column":46},"end":{"line":10,"column":49}},{"start":{"line":10,"column":53},"end":{"line":10,"column":67}}],"line":10}},"s":{"0":1,"1":1,"2":1,"3":1,"4":1,"5":4,"6":4,"7":1,"8":1},"f":{"0":1,"1":4},"b":{"0":[0,1],"1":[1,1]},"_coverageSchema":"43e27e138ebf9cfc5966b082cf9a028302ed4184","hash":"ec65537e9b22e0c510be64d479148cfd432263be","contentHash":"4107c92ce2fd7db0ee7d08227a798312d16afe55915bebbb70fe60b744f91fd5"},"G:\\Auto-Mart-Website\\server\\controllers\\signin.js":{"path":"G:\\Auto-Mart-Website\\server\\controllers\\signin.js","statementMap":{"0":{"start":{"line":3,"column":0},"end":{"line":5,"column":3}},"1":{"start":{"line":6,"column":0},"end":{"line":6,"column":28}},"2":{"start":{"line":8,"column":20},"end":{"line":8,"column":67}},"3":{"start":{"line":10,"column":14},"end":{"line":10,"column":55}},"4":{"start":{"line":12,"column":16},"end":{"line":12,"column":69}},"5":{"start":{"line":14,"column":14},"end":{"line":14,"column":66}},"6":{"start":{"line":16,"column":39},"end":{"line":16,"column":95}},"7":{"start":{"line":18,"column":77},"end":{"line":18,"column":175}},"8":{"start":{"line":18,"column":94},"end":{"line":18,"column":107}},"9":{"start":{"line":18,"column":121},"end":{"line":18,"column":131}},"10":{"start":{"line":18,"column":151},"end":{"line":18,"column":165}},"11":{"start":{"line":18,"column":166},"end":{"line":18,"column":173}},"12":{"start":{"line":18,"column":176},"end":{"line":18,"column":263}},"13":{"start":{"line":18,"column":193},"end":{"line":18,"column":208}},"14":{"start":{"line":18,"column":218},"end":{"line":18,"column":261}},"15":{"start":{"line":20,"column":33},"end":{"line":20,"column":387}},"16":{"start":{"line":20,"column":65},"end":{"line":20,"column":69}},"17":{"start":{"line":20,"column":78},"end":{"line":20,"column":87}},"18":{"start":{"line":20,"column":89},"end":{"line":20,"column":384}},"19":{"start":{"line":20,"column":147},"end":{"line":20,"column":167}},"20":{"start":{"line":20,"column":193},"end":{"line":20,"column":264}},"21":{"start":{"line":20,"column":290},"end":{"line":20,"column":360}},"22":{"start":{"line":20,"column":363},"end":{"line":20,"column":380}},"23":{"start":{"line":24,"column":0},"end":{"line":125,"column":3}},"24":{"start":{"line":25,"column":13},"end":{"line":120,"column":5}},"25":{"start":{"line":30,"column":4},"end":{"line":119,"column":33}},"26":{"start":{"line":31,"column":6},"end":{"line":118,"column":7}},"27":{"start":{"line":32,"column":8},"end":{"line":117,"column":9}},"28":{"start":{"line":34,"column":12},"end":{"line":34,"column":30}},"29":{"start":{"line":35,"column":12},"end":{"line":35,"column":113}},"30":{"start":{"line":37,"column":12},"end":{"line":40,"column":13}},"31":{"start":{"line":38,"column":14},"end":{"line":38,"column":32}},"32":{"start":{"line":39,"column":14},"end":{"line":39,"column":20}},"33":{"start":{"line":42,"column":12},"end":{"line":45,"column":15}},"34":{"start":{"line":46,"column":12},"end":{"line":46,"column":45}},"35":{"start":{"line":49,"column":12},"end":{"line":49,"column":62}},"36":{"start":{"line":50,"column":12},"end":{"line":50,"column":57}},"37":{"start":{"line":51,"column":12},"end":{"line":51,"column":30}},"38":{"start":{"line":52,"column":12},"end":{"line":52,"column":66}},"39":{"start":{"line":55,"column":12},"end":{"line":55,"column":33}},"40":{"start":{"line":57,"column":12},"end":{"line":60,"column":13}},"41":{"start":{"line":58,"column":14},"end":{"line":58,"column":33}},"42":{"start":{"line":59,"column":14},"end":{"line":59,"column":20}},"43":{"start":{"line":62,"column":12},"end":{"line":65,"column":15}},"44":{"start":{"line":66,"column":12},"end":{"line":66,"column":45}},"45":{"start":{"line":69,"column":12},"end":{"line":69,"column":31}},"46":{"start":{"line":70,"column":12},"end":{"line":70,"column":88}},"47":{"start":{"line":73,"column":12},"end":{"line":73,"column":37}},"48":{"start":{"line":75,"column":12},"end":{"line":78,"column":13}},"49":{"start":{"line":76,"column":14},"end":{"line":76,"column":33}},"50":{"start":{"line":77,"column":14},"end":{"line":77,"column":20}},"51":{"start":{"line":80,"column":12},"end":{"line":83,"column":15}},"52":{"start":{"line":84,"column":12},"end":{"line":84,"column":45}},"53":{"start":{"line":87,"column":12},"end":{"line":89,"column":14}},"54":{"start":{"line":90,"column":12},"end":{"line":92,"column":15}},"55":{"start":{"line":93,"column":12},"end":{"line":102,"column":15}},"56":{"start":{"line":103,"column":12},"end":{"line":103,"column":31}},"57":{"start":{"line":104,"column":12},"end":{"line":104,"column":18}},"58":{"start":{"line":107,"column":12},"end":{"line":107,"column":31}},"59":{"start":{"line":108,"column":12},"end":{"line":108,"column":47}},"60":{"start":{"line":109,"column":12},"end":{"line":112,"column":15}},"61":{"start":{"line":116,"column":12},"end":{"line":116,"column":35}},"62":{"start":{"line":122,"column":2},"end":{"line":124,"column":4}},"63":{"start":{"line":123,"column":4},"end":{"line":123,"column":39}},"64":{"start":{"line":127,"column":15},"end":{"line":127,"column":21}},"65":{"start":{"line":128,"column":0},"end":{"line":128,"column":30}}},"fnMap":{"0":{"name":"_interopRequireDefault","decl":{"start":{"line":16,"column":9},"end":{"line":16,"column":31}},"loc":{"start":{"line":16,"column":37},"end":{"line":16,"column":97}},"line":16},"1":{"name":"asyncGeneratorStep","decl":{"start":{"line":18,"column":9},"end":{"line":18,"column":27}},"loc":{"start":{"line":18,"column":75},"end":{"line":18,"column":265}},"line":18},"2":{"name":"_asyncToGenerator","decl":{"start":{"line":20,"column":9},"end":{"line":20,"column":26}},"loc":{"start":{"line":20,"column":31},"end":{"line":20,"column":389}},"line":20},"3":{"name":"(anonymous_3)","decl":{"start":{"line":20,"column":40},"end":{"line":20,"column":41}},"loc":{"start":{"line":20,"column":52},"end":{"line":20,"column":386}},"line":20},"4":{"name":"(anonymous_4)","decl":{"start":{"line":20,"column":108},"end":{"line":20,"column":109}},"loc":{"start":{"line":20,"column":135},"end":{"line":20,"column":382}},"line":20},"5":{"name":"_next","decl":{"start":{"line":20,"column":178},"end":{"line":20,"column":183}},"loc":{"start":{"line":20,"column":191},"end":{"line":20,"column":266}},"line":20},"6":{"name":"_throw","decl":{"start":{"line":20,"column":276},"end":{"line":20,"column":282}},"loc":{"start":{"line":20,"column":288},"end":{"line":20,"column":362}},"line":20},"7":{"name":"(anonymous_7)","decl":{"start":{"line":24,"column":0},"end":{"line":24,"column":1}},"loc":{"start":{"line":24,"column":12},"end":{"line":125,"column":1}},"line":24},"8":{"name":"_callee","decl":{"start":{"line":27,"column":35},"end":{"line":27,"column":42}},"loc":{"start":{"line":27,"column":53},"end":{"line":120,"column":3}},"line":27},"9":{"name":"_callee$","decl":{"start":{"line":30,"column":44},"end":{"line":30,"column":52}},"loc":{"start":{"line":30,"column":63},"end":{"line":119,"column":5}},"line":30},"10":{"name":"signin","decl":{"start":{"line":122,"column":18},"end":{"line":122,"column":24}},"loc":{"start":{"line":122,"column":34},"end":{"line":124,"column":3}},"line":122}},"branchMap":{"0":{"loc":{"start":{"line":16,"column":46},"end":{"line":16,"column":94}},"type":"cond-expr","locations":[{"start":{"line":16,"column":70},"end":{"line":16,"column":73}},{"start":{"line":16,"column":76},"end":{"line":16,"column":94}}],"line":16},"1":{"loc":{"start":{"line":16,"column":46},"end":{"line":16,"column":67}},"type":"binary-expr","locations":[{"start":{"line":16,"column":46},"end":{"line":16,"column":49}},{"start":{"line":16,"column":53},"end":{"line":16,"column":67}}],"line":16},"2":{"loc":{"start":{"line":18,"column":176},"end":{"line":18,"column":263}},"type":"if","locations":[{"start":{"line":18,"column":176},"end":{"line":18,"column":263}},{"start":{"line":18,"column":176},"end":{"line":18,"column":263}}],"line":18},"3":{"loc":{"start":{"line":32,"column":8},"end":{"line":117,"column":9}},"type":"switch","locations":[{"start":{"line":33,"column":10},"end":{"line":46,"column":45}},{"start":{"line":48,"column":10},"end":{"line":52,"column":66}},{"start":{"line":54,"column":10},"end":{"line":66,"column":45}},{"start":{"line":68,"column":10},"end":{"line":70,"column":88}},{"start":{"line":72,"column":10},"end":{"line":84,"column":45}},{"start":{"line":86,"column":10},"end":{"line":104,"column":18}},{"start":{"line":106,"column":10},"end":{"line":112,"column":15}},{"start":{"line":114,"column":10},"end":{"line":114,"column":18}},{"start":{"line":115,"column":10},"end":{"line":116,"column":35}}],"line":32},"4":{"loc":{"start":{"line":37,"column":12},"end":{"line":40,"column":13}},"type":"if","locations":[{"start":{"line":37,"column":12},"end":{"line":40,"column":13}},{"start":{"line":37,"column":12},"end":{"line":40,"column":13}}],"line":37},"5":{"loc":{"start":{"line":57,"column":12},"end":{"line":60,"column":13}},"type":"if","locations":[{"start":{"line":57,"column":12},"end":{"line":60,"column":13}},{"start":{"line":57,"column":12},"end":{"line":60,"column":13}}],"line":57},"6":{"loc":{"start":{"line":75,"column":12},"end":{"line":78,"column":13}},"type":"if","locations":[{"start":{"line":75,"column":12},"end":{"line":78,"column":13}},{"start":{"line":75,"column":12},"end":{"line":78,"column":13}}],"line":75}},"s":{"0":1,"1":1,"2":1,"3":1,"4":1,"5":1,"6":4,"7":11,"8":11,"9":11,"10":0,"11":0,"12":11,"13":6,"14":5,"15":1,"16":6,"17":6,"18":6,"19":6,"20":11,"21":0,"22":6,"23":1,"24":1,"25":6,"26":16,"27":23,"28":6,"29":6,"30":6,"31":3,"32":3,"33":3,"34":3,"35":3,"36":3,"37":3,"38":3,"39":3,"40":3,"41":2,"42":2,"43":1,"44":1,"45":2,"46":2,"47":2,"48":2,"49":1,"50":1,"51":1,"52":1,"53":1,"54":1,"55":1,"56":1,"57":1,"58":0,"59":0,"60":0,"61":6,"62":1,"63":6,"64":1,"65":1},"f":{"0":4,"1":11,"2":1,"3":6,"4":6,"5":11,"6":0,"7":1,"8":6,"9":16,"10":6},"b":{"0":[2,2],"1":[4,4],"2":[6,5],"3":[6,3,3,2,2,1,0,1,6],"4":[3,3],"5":[2,1],"6":[1,1]},"_coverageSchema":"43e27e138ebf9cfc5966b082cf9a028302ed4184","hash":"20cddb80c8dfa165081d7f84f9044729788b5358","contentHash":"dc440cb45750e1d0e6eece06e981d981ce631b139b610a20e52dd9fddda0a0f5"},"G:\\Auto-Mart-Website\\server\\helpers\\signin.js":{"path":"G:\\Auto-Mart-Website\\server\\helpers\\signin.js","statementMap":{"0":{"start":{"line":3,"column":0},"end":{"line":5,"column":3}},"1":{"start":{"line":6,"column":0},"end":{"line":6,"column":28}},"2":{"start":{"line":8,"column":11},"end":{"line":8,"column":49}},"3":{"start":{"line":10,"column":39},"end":{"line":10,"column":95}},"4":{"start":{"line":12,"column":25},"end":{"line":20,"column":1}},"5":{"start":{"line":14,"column":24},"end":{"line":17,"column":5}},"6":{"start":{"line":18,"column":4},"end":{"line":18,"column":60}},"7":{"start":{"line":21,"column":15},"end":{"line":21,"column":33}},"8":{"start":{"line":22,"column":0},"end":{"line":22,"column":30}}},"fnMap":{"0":{"name":"_interopRequireDefault","decl":{"start":{"line":10,"column":9},"end":{"line":10,"column":31}},"loc":{"start":{"line":10,"column":37},"end":{"line":10,"column":97}},"line":10},"1":{"name":"validation","decl":{"start":{"line":13,"column":23},"end":{"line":13,"column":33}},"loc":{"start":{"line":13,"column":43},"end":{"line":19,"column":3}},"line":13}},"branchMap":{"0":{"loc":{"start":{"line":10,"column":46},"end":{"line":10,"column":94}},"type":"cond-expr","locations":[{"start":{"line":10,"column":70},"end":{"line":10,"column":73}},{"start":{"line":10,"column":76},"end":{"line":10,"column":94}}],"line":10},"1":{"loc":{"start":{"line":10,"column":46},"end":{"line":10,"column":67}},"type":"binary-expr","locations":[{"start":{"line":10,"column":46},"end":{"line":10,"column":49}},{"start":{"line":10,"column":53},"end":{"line":10,"column":67}}],"line":10}},"s":{"0":1,"1":1,"2":1,"3":1,"4":1,"5":6,"6":6,"7":1,"8":1},"f":{"0":1,"1":6},"b":{"0":[0,1],"1":[1,1]},"_coverageSchema":"43e27e138ebf9cfc5966b082cf9a028302ed4184","hash":"6e7a0165f5fc1c917983a915e82920009f2e278b","contentHash":"b06af5955a1222786270cd24066947225d992616ccd0dca93d8db7633ad9944d"},"G:\\Auto-Mart-Website\\server\\routes\\cars.js":{"path":"G:\\Auto-Mart-Website\\server\\routes\\cars.js","statementMap":{"0":{"start":{"line":3,"column":0},"end":{"line":5,"column":3}},"1":{"start":{"line":6,"column":0},"end":{"line":6,"column":28}},"2":{"start":{"line":8,"column":15},"end":{"line":8,"column":57}},"3":{"start":{"line":10,"column":21},"end":{"line":10,"column":83}},"4":{"start":{"line":12,"column":14},"end":{"line":12,"column":72}},"5":{"start":{"line":14,"column":11},"end":{"line":14,"column":64}},"6":{"start":{"line":16,"column":14},"end":{"line":16,"column":70}},"7":{"start":{"line":18,"column":19},"end":{"line":18,"column":80}},"8":{"start":{"line":20,"column":12},"end":{"line":20,"column":65}},"9":{"start":{"line":22,"column":39},"end":{"line":22,"column":95}},"10":{"start":{"line":24,"column":13},"end":{"line":24,"column":41}},"11":{"start":{"line":26,"column":0},"end":{"line":26,"column":125}},"12":{"start":{"line":27,"column":0},"end":{"line":27,"column":59}},"13":{"start":{"line":28,"column":0},"end":{"line":28,"column":50}},"14":{"start":{"line":29,"column":15},"end":{"line":29,"column":21}},"15":{"start":{"line":30,"column":0},"end":{"line":30,"column":30}}},"fnMap":{"0":{"name":"_interopRequireDefault","decl":{"start":{"line":22,"column":9},"end":{"line":22,"column":31}},"loc":{"start":{"line":22,"column":37},"end":{"line":22,"column":97}},"line":22}},"branchMap":{"0":{"loc":{"start":{"line":22,"column":46},"end":{"line":22,"column":94}},"type":"cond-expr","locations":[{"start":{"line":22,"column":70},"end":{"line":22,"column":73}},{"start":{"line":22,"column":76},"end":{"line":22,"column":94}}],"line":22},"1":{"loc":{"start":{"line":22,"column":46},"end":{"line":22,"column":67}},"type":"binary-expr","locations":[{"start":{"line":22,"column":46},"end":{"line":22,"column":49}},{"start":{"line":22,"column":53},"end":{"line":22,"column":67}}],"line":22}},"s":{"0":1,"1":1,"2":1,"3":1,"4":1,"5":1,"6":1,"7":1,"8":1,"9":7,"10":1,"11":1,"12":1,"13":1,"14":1,"15":1},"f":{"0":7},"b":{"0":[6,1],"1":[7,7]},"_coverageSchema":"43e27e138ebf9cfc5966b082cf9a028302ed4184","hash":"e5d2b013de549508346637c00e5761edff29a74b","contentHash":"9e541b483a27af7f94af65fda4eb447bfc0169a3bdbbd278567f5146eb80f0f5"},"G:\\Auto-Mart-Website\\server\\middleware\\imageUploader.js":{"path":"G:\\Auto-Mart-Website\\server\\middleware\\imageUploader.js","statementMap":{"0":{"start":{"line":3,"column":0},"end":{"line":5,"column":3}},"1":{"start":{"line":6,"column":0},"end":{"line":6,"column":28}},"2":{"start":{"line":8,"column":18},"end":{"line":8,"column":63}},"3":{"start":{"line":10,"column":39},"end":{"line":10,"column":95}},"4":{"start":{"line":12,"column":20},"end":{"line":18,"column":1}},"5":{"start":{"line":13,"column":2},"end":{"line":17,"column":5}},"6":{"start":{"line":14,"column":4},"end":{"line":14,"column":27}},"7":{"start":{"line":15,"column":4},"end":{"line":15,"column":47}},"8":{"start":{"line":16,"column":4},"end":{"line":16,"column":18}},"9":{"start":{"line":20,"column":15},"end":{"line":20,"column":28}},"10":{"start":{"line":21,"column":0},"end":{"line":21,"column":30}}},"fnMap":{"0":{"name":"_interopRequireDefault","decl":{"start":{"line":10,"column":9},"end":{"line":10,"column":31}},"loc":{"start":{"line":10,"column":37},"end":{"line":10,"column":97}},"line":10},"1":{"name":"imageUploader","decl":{"start":{"line":12,"column":29},"end":{"line":12,"column":42}},"loc":{"start":{"line":12,"column":59},"end":{"line":18,"column":1}},"line":12},"2":{"name":"(anonymous_2)","decl":{"start":{"line":13,"column":63},"end":{"line":13,"column":64}},"loc":{"start":{"line":13,"column":88},"end":{"line":17,"column":3}},"line":13}},"branchMap":{"0":{"loc":{"start":{"line":10,"column":46},"end":{"line":10,"column":94}},"type":"cond-expr","locations":[{"start":{"line":10,"column":70},"end":{"line":10,"column":73}},{"start":{"line":10,"column":76},"end":{"line":10,"column":94}}],"line":10},"1":{"loc":{"start":{"line":10,"column":46},"end":{"line":10,"column":67}},"type":"binary-expr","locations":[{"start":{"line":10,"column":46},"end":{"line":10,"column":49}},{"start":{"line":10,"column":53},"end":{"line":10,"column":67}}],"line":10}},"s":{"0":1,"1":1,"2":1,"3":1,"4":1,"5":5,"6":0,"7":0,"8":0,"9":1,"10":1},"f":{"0":1,"1":5,"2":0},"b":{"0":[0,1],"1":[1,1]},"_coverageSchema":"43e27e138ebf9cfc5966b082cf9a028302ed4184","hash":"9acb856da0706c908d118bead98ac71fa2bcbff1","contentHash":"882cbdb841338d723a1d62931542597ef28ee3e2d105781523ccf38bf47a9cdc"},"G:\\Auto-Mart-Website\\server\\config\\multer.config.js":{"path":"G:\\Auto-Mart-Website\\server\\config\\multer.config.js","statementMap":{"0":{"start":{"line":3,"column":0},"end":{"line":5,"column":3}},"1":{"start":{"line":6,"column":0},"end":{"line":6,"column":28}},"2":{"start":{"line":8,"column":14},"end":{"line":8,"column":55}},"3":{"start":{"line":10,"column":39},"end":{"line":10,"column":95}},"4":{"start":{"line":13,"column":14},"end":{"line":20,"column":2}},"5":{"start":{"line":15,"column":4},"end":{"line":15,"column":24}},"6":{"start":{"line":18,"column":4},"end":{"line":18,"column":45}},"7":{"start":{"line":22,"column":17},"end":{"line":28,"column":1}},"8":{"start":{"line":23,"column":2},"end":{"line":27,"column":3}},"9":{"start":{"line":24,"column":4},"end":{"line":24,"column":19}},"10":{"start":{"line":26,"column":4},"end":{"line":26,"column":20}},"11":{"start":{"line":30,"column":13},"end":{"line":36,"column":2}},"12":{"start":{"line":37,"column":15},"end":{"line":37,"column":21}},"13":{"start":{"line":38,"column":0},"end":{"line":38,"column":30}}},"fnMap":{"0":{"name":"_interopRequireDefault","decl":{"start":{"line":10,"column":9},"end":{"line":10,"column":31}},"loc":{"start":{"line":10,"column":37},"end":{"line":10,"column":97}},"line":10},"1":{"name":"destination","decl":{"start":{"line":14,"column":24},"end":{"line":14,"column":35}},"loc":{"start":{"line":14,"column":51},"end":{"line":16,"column":3}},"line":14},"2":{"name":"filename","decl":{"start":{"line":17,"column":21},"end":{"line":17,"column":29}},"loc":{"start":{"line":17,"column":45},"end":{"line":19,"column":3}},"line":17},"3":{"name":"fileFilter","decl":{"start":{"line":22,"column":26},"end":{"line":22,"column":36}},"loc":{"start":{"line":22,"column":52},"end":{"line":28,"column":1}},"line":22}},"branchMap":{"0":{"loc":{"start":{"line":10,"column":46},"end":{"line":10,"column":94}},"type":"cond-expr","locations":[{"start":{"line":10,"column":70},"end":{"line":10,"column":73}},{"start":{"line":10,"column":76},"end":{"line":10,"column":94}}],"line":10},"1":{"loc":{"start":{"line":10,"column":46},"end":{"line":10,"column":67}},"type":"binary-expr","locations":[{"start":{"line":10,"column":46},"end":{"line":10,"column":49}},{"start":{"line":10,"column":53},"end":{"line":10,"column":67}}],"line":10},"2":{"loc":{"start":{"line":23,"column":2},"end":{"line":27,"column":3}},"type":"if","locations":[{"start":{"line":23,"column":2},"end":{"line":27,"column":3}},{"start":{"line":23,"column":2},"end":{"line":27,"column":3}}],"line":23},"3":{"loc":{"start":{"line":23,"column":6},"end":{"line":23,"column":69}},"type":"binary-expr","locations":[{"start":{"line":23,"column":6},"end":{"line":23,"column":36}},{"start":{"line":23,"column":40},"end":{"line":23,"column":69}}],"line":23}},"s":{"0":1,"1":1,"2":1,"3":1,"4":1,"5":0,"6":0,"7":1,"8":0,"9":0,"10":0,"11":1,"12":1,"13":1},"f":{"0":1,"1":0,"2":0,"3":0},"b":{"0":[0,1],"1":[1,1],"2":[0,0],"3":[0,0]},"_coverageSchema":"43e27e138ebf9cfc5966b082cf9a028302ed4184","hash":"405e93bd7c6ede2c4fb99e914e72a6c760e8c67d","contentHash":"62ad34d0bd294d0f3b46014a3dcdd4dbb8955965195598adfa8bca63e60e18a7"},"G:\\Auto-Mart-Website\\server\\controllers\\ads.js":{"path":"G:\\Auto-Mart-Website\\server\\controllers\\ads.js","statementMap":{"0":{"start":{"line":3,"column":0},"end":{"line":5,"column":3}},"1":{"start":{"line":6,"column":0},"end":{"line":6,"column":28}},"2":{"start":{"line":8,"column":20},"end":{"line":8,"column":78}},"3":{"start":{"line":10,"column":16},"end":{"line":10,"column":69}},"4":{"start":{"line":12,"column":39},"end":{"line":12,"column":95}},"5":{"start":{"line":14,"column":77},"end":{"line":14,"column":175}},"6":{"start":{"line":14,"column":94},"end":{"line":14,"column":107}},"7":{"start":{"line":14,"column":121},"end":{"line":14,"column":131}},"8":{"start":{"line":14,"column":151},"end":{"line":14,"column":165}},"9":{"start":{"line":14,"column":166},"end":{"line":14,"column":173}},"10":{"start":{"line":14,"column":176},"end":{"line":14,"column":263}},"11":{"start":{"line":14,"column":193},"end":{"line":14,"column":208}},"12":{"start":{"line":14,"column":218},"end":{"line":14,"column":261}},"13":{"start":{"line":16,"column":33},"end":{"line":16,"column":387}},"14":{"start":{"line":16,"column":65},"end":{"line":16,"column":69}},"15":{"start":{"line":16,"column":78},"end":{"line":16,"column":87}},"16":{"start":{"line":16,"column":89},"end":{"line":16,"column":384}},"17":{"start":{"line":16,"column":147},"end":{"line":16,"column":167}},"18":{"start":{"line":16,"column":193},"end":{"line":16,"column":264}},"19":{"start":{"line":16,"column":290},"end":{"line":16,"column":360}},"20":{"start":{"line":16,"column":363},"end":{"line":16,"column":380}},"21":{"start":{"line":20,"column":0},"end":{"line":97,"column":3}},"22":{"start":{"line":21,"column":13},"end":{"line":92,"column":5}},"23":{"start":{"line":26,"column":4},"end":{"line":91,"column":33}},"24":{"start":{"line":27,"column":6},"end":{"line":90,"column":7}},"25":{"start":{"line":28,"column":8},"end":{"line":89,"column":9}},"26":{"start":{"line":30,"column":12},"end":{"line":30,"column":30}},"27":{"start":{"line":31,"column":12},"end":{"line":31,"column":119}},"28":{"start":{"line":33,"column":12},"end":{"line":36,"column":13}},"29":{"start":{"line":34,"column":14},"end":{"line":34,"column":32}},"30":{"start":{"line":35,"column":14},"end":{"line":35,"column":20}},"31":{"start":{"line":38,"column":12},"end":{"line":41,"column":15}},"32":{"start":{"line":42,"column":12},"end":{"line":42,"column":45}},"33":{"start":{"line":45,"column":12},"end":{"line":55,"column":14}},"34":{"start":{"line":56,"column":12},"end":{"line":56,"column":30}},"35":{"start":{"line":57,"column":12},"end":{"line":57,"column":361}},"36":{"start":{"line":60,"column":12},"end":{"line":60,"column":38}},"37":{"start":{"line":61,"column":12},"end":{"line":74,"column":15}},"38":{"start":{"line":75,"column":12},"end":{"line":75,"column":31}},"39":{"start":{"line":76,"column":12},"end":{"line":76,"column":18}},"40":{"start":{"line":79,"column":12},"end":{"line":79,"column":31}},"41":{"start":{"line":80,"column":12},"end":{"line":80,"column":47}},"42":{"start":{"line":81,"column":12},"end":{"line":84,"column":15}},"43":{"start":{"line":88,"column":12},"end":{"line":88,"column":35}},"44":{"start":{"line":94,"column":2},"end":{"line":96,"column":4}},"45":{"start":{"line":95,"column":4},"end":{"line":95,"column":39}},"46":{"start":{"line":99,"column":15},"end":{"line":99,"column":22}},"47":{"start":{"line":100,"column":0},"end":{"line":100,"column":30}}},"fnMap":{"0":{"name":"_interopRequireDefault","decl":{"start":{"line":12,"column":9},"end":{"line":12,"column":31}},"loc":{"start":{"line":12,"column":37},"end":{"line":12,"column":97}},"line":12},"1":{"name":"asyncGeneratorStep","decl":{"start":{"line":14,"column":9},"end":{"line":14,"column":27}},"loc":{"start":{"line":14,"column":75},"end":{"line":14,"column":265}},"line":14},"2":{"name":"_asyncToGenerator","decl":{"start":{"line":16,"column":9},"end":{"line":16,"column":26}},"loc":{"start":{"line":16,"column":31},"end":{"line":16,"column":389}},"line":16},"3":{"name":"(anonymous_3)","decl":{"start":{"line":16,"column":40},"end":{"line":16,"column":41}},"loc":{"start":{"line":16,"column":52},"end":{"line":16,"column":386}},"line":16},"4":{"name":"(anonymous_4)","decl":{"start":{"line":16,"column":108},"end":{"line":16,"column":109}},"loc":{"start":{"line":16,"column":135},"end":{"line":16,"column":382}},"line":16},"5":{"name":"_next","decl":{"start":{"line":16,"column":178},"end":{"line":16,"column":183}},"loc":{"start":{"line":16,"column":191},"end":{"line":16,"column":266}},"line":16},"6":{"name":"_throw","decl":{"start":{"line":16,"column":276},"end":{"line":16,"column":282}},"loc":{"start":{"line":16,"column":288},"end":{"line":16,"column":362}},"line":16},"7":{"name":"(anonymous_7)","decl":{"start":{"line":20,"column":0},"end":{"line":20,"column":1}},"loc":{"start":{"line":20,"column":12},"end":{"line":97,"column":1}},"line":20},"8":{"name":"_callee","decl":{"start":{"line":23,"column":35},"end":{"line":23,"column":42}},"loc":{"start":{"line":23,"column":53},"end":{"line":92,"column":3}},"line":23},"9":{"name":"_callee$","decl":{"start":{"line":26,"column":44},"end":{"line":26,"column":52}},"loc":{"start":{"line":26,"column":63},"end":{"line":91,"column":5}},"line":26},"10":{"name":"postAds","decl":{"start":{"line":94,"column":18},"end":{"line":94,"column":25}},"loc":{"start":{"line":94,"column":35},"end":{"line":96,"column":3}},"line":94}},"branchMap":{"0":{"loc":{"start":{"line":12,"column":46},"end":{"line":12,"column":94}},"type":"cond-expr","locations":[{"start":{"line":12,"column":70},"end":{"line":12,"column":73}},{"start":{"line":12,"column":76},"end":{"line":12,"column":94}}],"line":12},"1":{"loc":{"start":{"line":12,"column":46},"end":{"line":12,"column":67}},"type":"binary-expr","locations":[{"start":{"line":12,"column":46},"end":{"line":12,"column":49}},{"start":{"line":12,"column":53},"end":{"line":12,"column":67}}],"line":12},"2":{"loc":{"start":{"line":14,"column":176},"end":{"line":14,"column":263}},"type":"if","locations":[{"start":{"line":14,"column":176},"end":{"line":14,"column":263}},{"start":{"line":14,"column":176},"end":{"line":14,"column":263}}],"line":14},"3":{"loc":{"start":{"line":28,"column":8},"end":{"line":89,"column":9}},"type":"switch","locations":[{"start":{"line":29,"column":10},"end":{"line":42,"column":45}},{"start":{"line":44,"column":10},"end":{"line":57,"column":361}},{"start":{"line":59,"column":10},"end":{"line":76,"column":18}},{"start":{"line":78,"column":10},"end":{"line":84,"column":15}},{"start":{"line":86,"column":10},"end":{"line":86,"column":18}},{"start":{"line":87,"column":10},"end":{"line":88,"column":35}}],"line":28},"4":{"loc":{"start":{"line":33,"column":12},"end":{"line":36,"column":13}},"type":"if","locations":[{"start":{"line":33,"column":12},"end":{"line":36,"column":13}},{"start":{"line":33,"column":12},"end":{"line":36,"column":13}}],"line":33}},"s":{"0":1,"1":1,"2":1,"3":1,"4":2,"5":0,"6":0,"7":0,"8":0,"9":0,"10":0,"11":0,"12":0,"13":1,"14":0,"15":0,"16":0,"17":0,"18":0,"19":0,"20":0,"21":1,"22":1,"23":0,"24":0,"25":0,"26":0,"27":0,"28":0,"29":0,"30":0,"31":0,"32":0,"33":0,"34":0,"35":0,"36":0,"37":0,"38":0,"39":0,"40":0,"41":0,"42":0,"43":0,"44":1,"45":0,"46":1,"47":1},"f":{"0":2,"1":0,"2":1,"3":0,"4":0,"5":0,"6":0,"7":1,"8":0,"9":0,"10":0},"b":{"0":[2,0],"1":[2,2],"2":[0,0],"3":[0,0,0,0,0,0],"4":[0,0]},"_coverageSchema":"43e27e138ebf9cfc5966b082cf9a028302ed4184","hash":"4c5de0f1e7393ccff0f227bd9f23ca884975eedd","contentHash":"75748c8cb632bc810a42a8afb640ba887aeb697b325de92f6fd4ba99f82a71d3"},"G:\\Auto-Mart-Website\\server\\helpers\\validateCars.js":{"path":"G:\\Auto-Mart-Website\\server\\helpers\\validateCars.js","statementMap":{"0":{"start":{"line":3,"column":0},"end":{"line":5,"column":3}},"1":{"start":{"line":6,"column":0},"end":{"line":6,"column":28}},"2":{"start":{"line":8,"column":11},"end":{"line":8,"column":49}},"3":{"start":{"line":10,"column":39},"end":{"line":10,"column":95}},"4":{"start":{"line":12,"column":19},"end":{"line":26,"column":1}},"5":{"start":{"line":14,"column":22},"end":{"line":23,"column":5}},"6":{"start":{"line":24,"column":4},"end":{"line":24,"column":56}},"7":{"start":{"line":27,"column":15},"end":{"line":27,"column":27}},"8":{"start":{"line":28,"column":0},"end":{"line":28,"column":30}}},"fnMap":{"0":{"name":"_interopRequireDefault","decl":{"start":{"line":10,"column":9},"end":{"line":10,"column":31}},"loc":{"start":{"line":10,"column":37},"end":{"line":10,"column":97}},"line":10},"1":{"name":"validation","decl":{"start":{"line":13,"column":23},"end":{"line":13,"column":33}},"loc":{"start":{"line":13,"column":41},"end":{"line":25,"column":3}},"line":13}},"branchMap":{"0":{"loc":{"start":{"line":10,"column":46},"end":{"line":10,"column":94}},"type":"cond-expr","locations":[{"start":{"line":10,"column":70},"end":{"line":10,"column":73}},{"start":{"line":10,"column":76},"end":{"line":10,"column":94}}],"line":10},"1":{"loc":{"start":{"line":10,"column":46},"end":{"line":10,"column":67}},"type":"binary-expr","locations":[{"start":{"line":10,"column":46},"end":{"line":10,"column":49}},{"start":{"line":10,"column":53},"end":{"line":10,"column":67}}],"line":10}},"s":{"0":1,"1":1,"2":1,"3":1,"4":1,"5":0,"6":0,"7":1,"8":1},"f":{"0":1,"1":0},"b":{"0":[0,1],"1":[1,1]},"_coverageSchema":"43e27e138ebf9cfc5966b082cf9a028302ed4184","hash":"2329befc875f2e8de3db8386f2f554f680af0dec","contentHash":"58def3f2b3db9633ae42b66d1bdc74991f227fc28af14cf51316c5e095c2fbc7"},"G:\\Auto-Mart-Website\\server\\controllers\\markAd.js":{"path":"G:\\Auto-Mart-Website\\server\\controllers\\markAd.js","statementMap":{"0":{"start":{"line":3,"column":0},"end":{"line":5,"column":3}},"1":{"start":{"line":6,"column":0},"end":{"line":6,"column":28}},"2":{"start":{"line":8,"column":14},"end":{"line":8,"column":55}},"3":{"start":{"line":10,"column":14},"end":{"line":10,"column":66}},"4":{"start":{"line":12,"column":16},"end":{"line":12,"column":69}},"5":{"start":{"line":14,"column":39},"end":{"line":14,"column":95}},"6":{"start":{"line":16,"column":77},"end":{"line":16,"column":175}},"7":{"start":{"line":16,"column":94},"end":{"line":16,"column":107}},"8":{"start":{"line":16,"column":121},"end":{"line":16,"column":131}},"9":{"start":{"line":16,"column":151},"end":{"line":16,"column":165}},"10":{"start":{"line":16,"column":166},"end":{"line":16,"column":173}},"11":{"start":{"line":16,"column":176},"end":{"line":16,"column":263}},"12":{"start":{"line":16,"column":193},"end":{"line":16,"column":208}},"13":{"start":{"line":16,"column":218},"end":{"line":16,"column":261}},"14":{"start":{"line":18,"column":33},"end":{"line":18,"column":387}},"15":{"start":{"line":18,"column":65},"end":{"line":18,"column":69}},"16":{"start":{"line":18,"column":78},"end":{"line":18,"column":87}},"17":{"start":{"line":18,"column":89},"end":{"line":18,"column":384}},"18":{"start":{"line":18,"column":147},"end":{"line":18,"column":167}},"19":{"start":{"line":18,"column":193},"end":{"line":18,"column":264}},"20":{"start":{"line":18,"column":290},"end":{"line":18,"column":360}},"21":{"start":{"line":18,"column":363},"end":{"line":18,"column":380}},"22":{"start":{"line":22,"column":0},"end":{"line":123,"column":3}},"23":{"start":{"line":23,"column":13},"end":{"line":118,"column":5}},"24":{"start":{"line":28,"column":4},"end":{"line":117,"column":33}},"25":{"start":{"line":29,"column":6},"end":{"line":116,"column":7}},"26":{"start":{"line":30,"column":8},"end":{"line":115,"column":9}},"27":{"start":{"line":32,"column":12},"end":{"line":32,"column":30}},"28":{"start":{"line":33,"column":12},"end":{"line":33,"column":113}},"29":{"start":{"line":35,"column":12},"end":{"line":38,"column":13}},"30":{"start":{"line":36,"column":14},"end":{"line":36,"column":32}},"31":{"start":{"line":37,"column":14},"end":{"line":37,"column":20}},"32":{"start":{"line":40,"column":12},"end":{"line":43,"column":15}},"33":{"start":{"line":44,"column":12},"end":{"line":44,"column":45}},"34":{"start":{"line":47,"column":12},"end":{"line":47,"column":59}},"35":{"start":{"line":48,"column":12},"end":{"line":48,"column":48}},"36":{"start":{"line":49,"column":12},"end":{"line":49,"column":30}},"37":{"start":{"line":50,"column":12},"end":{"line":50,"column":66}},"38":{"start":{"line":53,"column":12},"end":{"line":53,"column":32}},"39":{"start":{"line":55,"column":12},"end":{"line":60,"column":13}},"40":{"start":{"line":56,"column":14},"end":{"line":59,"column":17}},"41":{"start":{"line":62,"column":12},"end":{"line":67,"column":13}},"42":{"start":{"line":63,"column":14},"end":{"line":66,"column":17}},"43":{"start":{"line":69,"column":12},"end":{"line":72,"column":13}},"44":{"start":{"line":70,"column":14},"end":{"line":70,"column":33}},"45":{"start":{"line":71,"column":14},"end":{"line":71,"column":20}},"46":{"start":{"line":74,"column":12},"end":{"line":77,"column":15}},"47":{"start":{"line":78,"column":12},"end":{"line":78,"column":45}},"48":{"start":{"line":81,"column":12},"end":{"line":81,"column":68}},"49":{"start":{"line":82,"column":12},"end":{"line":82,"column":46}},"50":{"start":{"line":83,"column":12},"end":{"line":83,"column":31}},"51":{"start":{"line":84,"column":12},"end":{"line":84,"column":65}},"52":{"start":{"line":87,"column":12},"end":{"line":97,"column":14}},"53":{"start":{"line":98,"column":12},"end":{"line":101,"column":15}},"54":{"start":{"line":102,"column":12},"end":{"line":102,"column":45}},"55":{"start":{"line":105,"column":12},"end":{"line":105,"column":31}},"56":{"start":{"line":106,"column":12},"end":{"line":106,"column":47}},"57":{"start":{"line":107,"column":12},"end":{"line":110,"column":15}},"58":{"start":{"line":114,"column":12},"end":{"line":114,"column":35}},"59":{"start":{"line":120,"column":2},"end":{"line":122,"column":4}},"60":{"start":{"line":121,"column":4},"end":{"line":121,"column":39}},"61":{"start":{"line":125,"column":15},"end":{"line":125,"column":25}},"62":{"start":{"line":126,"column":0},"end":{"line":126,"column":30}}},"fnMap":{"0":{"name":"_interopRequireDefault","decl":{"start":{"line":14,"column":9},"end":{"line":14,"column":31}},"loc":{"start":{"line":14,"column":37},"end":{"line":14,"column":97}},"line":14},"1":{"name":"asyncGeneratorStep","decl":{"start":{"line":16,"column":9},"end":{"line":16,"column":27}},"loc":{"start":{"line":16,"column":75},"end":{"line":16,"column":265}},"line":16},"2":{"name":"_asyncToGenerator","decl":{"start":{"line":18,"column":9},"end":{"line":18,"column":26}},"loc":{"start":{"line":18,"column":31},"end":{"line":18,"column":389}},"line":18},"3":{"name":"(anonymous_3)","decl":{"start":{"line":18,"column":40},"end":{"line":18,"column":41}},"loc":{"start":{"line":18,"column":52},"end":{"line":18,"column":386}},"line":18},"4":{"name":"(anonymous_4)","decl":{"start":{"line":18,"column":108},"end":{"line":18,"column":109}},"loc":{"start":{"line":18,"column":135},"end":{"line":18,"column":382}},"line":18},"5":{"name":"_next","decl":{"start":{"line":18,"column":178},"end":{"line":18,"column":183}},"loc":{"start":{"line":18,"column":191},"end":{"line":18,"column":266}},"line":18},"6":{"name":"_throw","decl":{"start":{"line":18,"column":276},"end":{"line":18,"column":282}},"loc":{"start":{"line":18,"column":288},"end":{"line":18,"column":362}},"line":18},"7":{"name":"(anonymous_7)","decl":{"start":{"line":22,"column":0},"end":{"line":22,"column":1}},"loc":{"start":{"line":22,"column":12},"end":{"line":123,"column":1}},"line":22},"8":{"name":"_callee","decl":{"start":{"line":25,"column":35},"end":{"line":25,"column":42}},"loc":{"start":{"line":25,"column":53},"end":{"line":118,"column":3}},"line":25},"9":{"name":"_callee$","decl":{"start":{"line":28,"column":44},"end":{"line":28,"column":52}},"loc":{"start":{"line":28,"column":63},"end":{"line":117,"column":5}},"line":28},"10":{"name":"markadsold","decl":{"start":{"line":120,"column":18},"end":{"line":120,"column":28}},"loc":{"start":{"line":120,"column":38},"end":{"line":122,"column":3}},"line":120}},"branchMap":{"0":{"loc":{"start":{"line":14,"column":46},"end":{"line":14,"column":94}},"type":"cond-expr","locations":[{"start":{"line":14,"column":70},"end":{"line":14,"column":73}},{"start":{"line":14,"column":76},"end":{"line":14,"column":94}}],"line":14},"1":{"loc":{"start":{"line":14,"column":46},"end":{"line":14,"column":67}},"type":"binary-expr","locations":[{"start":{"line":14,"column":46},"end":{"line":14,"column":49}},{"start":{"line":14,"column":53},"end":{"line":14,"column":67}}],"line":14},"2":{"loc":{"start":{"line":16,"column":176},"end":{"line":16,"column":263}},"type":"if","locations":[{"start":{"line":16,"column":176},"end":{"line":16,"column":263}},{"start":{"line":16,"column":176},"end":{"line":16,"column":263}}],"line":16},"3":{"loc":{"start":{"line":30,"column":8},"end":{"line":115,"column":9}},"type":"switch","locations":[{"start":{"line":31,"column":10},"end":{"line":44,"column":45}},{"start":{"line":46,"column":10},"end":{"line":50,"column":66}},{"start":{"line":52,"column":10},"end":{"line":78,"column":45}},{"start":{"line":80,"column":10},"end":{"line":84,"column":65}},{"start":{"line":86,"column":10},"end":{"line":102,"column":45}},{"start":{"line":104,"column":10},"end":{"line":110,"column":15}},{"start":{"line":112,"column":10},"end":{"line":112,"column":18}},{"start":{"line":113,"column":10},"end":{"line":114,"column":35}}],"line":30},"4":{"loc":{"start":{"line":35,"column":12},"end":{"line":38,"column":13}},"type":"if","locations":[{"start":{"line":35,"column":12},"end":{"line":38,"column":13}},{"start":{"line":35,"column":12},"end":{"line":38,"column":13}}],"line":35},"5":{"loc":{"start":{"line":55,"column":12},"end":{"line":60,"column":13}},"type":"if","locations":[{"start":{"line":55,"column":12},"end":{"line":60,"column":13}},{"start":{"line":55,"column":12},"end":{"line":60,"column":13}}],"line":55},"6":{"loc":{"start":{"line":62,"column":12},"end":{"line":67,"column":13}},"type":"if","locations":[{"start":{"line":62,"column":12},"end":{"line":67,"column":13}},{"start":{"line":62,"column":12},"end":{"line":67,"column":13}}],"line":62},"7":{"loc":{"start":{"line":69,"column":12},"end":{"line":72,"column":13}},"type":"if","locations":[{"start":{"line":69,"column":12},"end":{"line":72,"column":13}},{"start":{"line":69,"column":12},"end":{"line":72,"column":13}}],"line":69}},"s":{"0":1,"1":1,"2":1,"3":1,"4":1,"5":3,"6":8,"7":8,"8":5,"9":3,"10":3,"11":5,"12":2,"13":3,"14":1,"15":5,"16":5,"17":5,"18":5,"19":8,"20":0,"21":5,"22":1,"23":1,"24":5,"25":16,"26":19,"27":5,"28":5,"29":5,"30":3,"31":3,"32":2,"33":2,"34":3,"35":3,"36":3,"37":3,"38":3,"39":3,"40":3,"41":3,"42":0,"43":0,"44":0,"45":0,"46":0,"47":0,"48":0,"49":0,"50":0,"51":0,"52":0,"53":0,"54":0,"55":3,"56":3,"57":3,"58":5,"59":1,"60":5,"61":1,"62":1},"f":{"0":3,"1":8,"2":1,"3":5,"4":5,"5":8,"6":0,"7":1,"8":5,"9":16,"10":5},"b":{"0":[2,1],"1":[3,3],"2":[2,3],"3":[5,3,3,0,0,3,0,5],"4":[3,2],"5":[3,0],"6":[0,0],"7":[0,0]},"_coverageSchema":"43e27e138ebf9cfc5966b082cf9a028302ed4184","hash":"e687861ec75f929e28aafa782620d5505748197d","contentHash":"a291f94117ef673a54d6ad88ce5a802e7139c2f7a4998a1002e0a55262b0bbab"},"G:\\Auto-Mart-Website\\server\\helpers\\markAd.js":{"path":"G:\\Auto-Mart-Website\\server\\helpers\\markAd.js","statementMap":{"0":{"start":{"line":3,"column":0},"end":{"line":5,"column":3}},"1":{"start":{"line":6,"column":0},"end":{"line":6,"column":28}},"2":{"start":{"line":8,"column":11},"end":{"line":8,"column":49}},"3":{"start":{"line":10,"column":39},"end":{"line":10,"column":95}},"4":{"start":{"line":12,"column":27},"end":{"line":19,"column":1}},"5":{"start":{"line":14,"column":26},"end":{"line":16,"column":5}},"6":{"start":{"line":17,"column":4},"end":{"line":17,"column":64}},"7":{"start":{"line":20,"column":15},"end":{"line":20,"column":35}},"8":{"start":{"line":21,"column":0},"end":{"line":21,"column":30}}},"fnMap":{"0":{"name":"_interopRequireDefault","decl":{"start":{"line":10,"column":9},"end":{"line":10,"column":31}},"loc":{"start":{"line":10,"column":37},"end":{"line":10,"column":97}},"line":10},"1":{"name":"validation","decl":{"start":{"line":13,"column":23},"end":{"line":13,"column":33}},"loc":{"start":{"line":13,"column":45},"end":{"line":18,"column":3}},"line":13}},"branchMap":{"0":{"loc":{"start":{"line":10,"column":46},"end":{"line":10,"column":94}},"type":"cond-expr","locations":[{"start":{"line":10,"column":70},"end":{"line":10,"column":73}},{"start":{"line":10,"column":76},"end":{"line":10,"column":94}}],"line":10},"1":{"loc":{"start":{"line":10,"column":46},"end":{"line":10,"column":67}},"type":"binary-expr","locations":[{"start":{"line":10,"column":46},"end":{"line":10,"column":49}},{"start":{"line":10,"column":53},"end":{"line":10,"column":67}}],"line":10}},"s":{"0":1,"1":1,"2":1,"3":1,"4":1,"5":5,"6":5,"7":1,"8":1},"f":{"0":1,"1":5},"b":{"0":[0,1],"1":[1,1]},"_coverageSchema":"43e27e138ebf9cfc5966b082cf9a028302ed4184","hash":"3c0c367c6b92e3754e5cc1e7d910151ab5a4fd46","contentHash":"5ea35814bc8499ffc5f859790f34e72498e1d994c8761769d055c9ab9e585017"},"G:\\Auto-Mart-Website\\server\\controllers\\adminDelete.js":{"path":"G:\\Auto-Mart-Website\\server\\controllers\\adminDelete.js","statementMap":{"0":{"start":{"line":3,"column":0},"end":{"line":5,"column":3}},"1":{"start":{"line":6,"column":0},"end":{"line":6,"column":28}},"2":{"start":{"line":8,"column":16},"end":{"line":8,"column":69}},"3":{"start":{"line":10,"column":39},"end":{"line":10,"column":95}},"4":{"start":{"line":12,"column":77},"end":{"line":12,"column":175}},"5":{"start":{"line":12,"column":94},"end":{"line":12,"column":107}},"6":{"start":{"line":12,"column":121},"end":{"line":12,"column":131}},"7":{"start":{"line":12,"column":151},"end":{"line":12,"column":165}},"8":{"start":{"line":12,"column":166},"end":{"line":12,"column":173}},"9":{"start":{"line":12,"column":176},"end":{"line":12,"column":263}},"10":{"start":{"line":12,"column":193},"end":{"line":12,"column":208}},"11":{"start":{"line":12,"column":218},"end":{"line":12,"column":261}},"12":{"start":{"line":14,"column":33},"end":{"line":14,"column":387}},"13":{"start":{"line":14,"column":65},"end":{"line":14,"column":69}},"14":{"start":{"line":14,"column":78},"end":{"line":14,"column":87}},"15":{"start":{"line":14,"column":89},"end":{"line":14,"column":384}},"16":{"start":{"line":14,"column":147},"end":{"line":14,"column":167}},"17":{"start":{"line":14,"column":193},"end":{"line":14,"column":264}},"18":{"start":{"line":14,"column":290},"end":{"line":14,"column":360}},"19":{"start":{"line":14,"column":363},"end":{"line":14,"column":380}},"20":{"start":{"line":18,"column":0},"end":{"line":86,"column":3}},"21":{"start":{"line":19,"column":13},"end":{"line":81,"column":5}},"22":{"start":{"line":23,"column":4},"end":{"line":80,"column":33}},"23":{"start":{"line":24,"column":6},"end":{"line":79,"column":7}},"24":{"start":{"line":25,"column":8},"end":{"line":78,"column":9}},"25":{"start":{"line":27,"column":12},"end":{"line":27,"column":30}},"26":{"start":{"line":28,"column":12},"end":{"line":28,"column":57}},"27":{"start":{"line":29,"column":12},"end":{"line":29,"column":48}},"28":{"start":{"line":30,"column":12},"end":{"line":30,"column":30}},"29":{"start":{"line":31,"column":12},"end":{"line":31,"column":64}},"30":{"start":{"line":34,"column":12},"end":{"line":34,"column":32}},"31":{"start":{"line":36,"column":12},"end":{"line":39,"column":13}},"32":{"start":{"line":37,"column":14},"end":{"line":37,"column":32}},"33":{"start":{"line":38,"column":14},"end":{"line":38,"column":20}},"34":{"start":{"line":41,"column":12},"end":{"line":44,"column":15}},"35":{"start":{"line":45,"column":12},"end":{"line":45,"column":45}},"36":{"start":{"line":48,"column":12},"end":{"line":53,"column":13}},"37":{"start":{"line":49,"column":14},"end":{"line":52,"column":17}},"38":{"start":{"line":55,"column":12},"end":{"line":55,"column":57}},"39":{"start":{"line":56,"column":12},"end":{"line":56,"column":31}},"40":{"start":{"line":57,"column":12},"end":{"line":57,"column":66}},"41":{"start":{"line":60,"column":12},"end":{"line":63,"column":15}},"42":{"start":{"line":64,"column":12},"end":{"line":64,"column":31}},"43":{"start":{"line":65,"column":12},"end":{"line":65,"column":18}},"44":{"start":{"line":68,"column":12},"end":{"line":68,"column":31}},"45":{"start":{"line":69,"column":12},"end":{"line":69,"column":47}},"46":{"start":{"line":70,"column":12},"end":{"line":73,"column":15}},"47":{"start":{"line":77,"column":12},"end":{"line":77,"column":35}},"48":{"start":{"line":83,"column":2},"end":{"line":85,"column":4}},"49":{"start":{"line":84,"column":4},"end":{"line":84,"column":39}},"50":{"start":{"line":88,"column":15},"end":{"line":88,"column":27}},"51":{"start":{"line":89,"column":0},"end":{"line":89,"column":30}}},"fnMap":{"0":{"name":"_interopRequireDefault","decl":{"start":{"line":10,"column":9},"end":{"line":10,"column":31}},"loc":{"start":{"line":10,"column":37},"end":{"line":10,"column":97}},"line":10},"1":{"name":"asyncGeneratorStep","decl":{"start":{"line":12,"column":9},"end":{"line":12,"column":27}},"loc":{"start":{"line":12,"column":75},"end":{"line":12,"column":265}},"line":12},"2":{"name":"_asyncToGenerator","decl":{"start":{"line":14,"column":9},"end":{"line":14,"column":26}},"loc":{"start":{"line":14,"column":31},"end":{"line":14,"column":389}},"line":14},"3":{"name":"(anonymous_3)","decl":{"start":{"line":14,"column":40},"end":{"line":14,"column":41}},"loc":{"start":{"line":14,"column":52},"end":{"line":14,"column":386}},"line":14},"4":{"name":"(anonymous_4)","decl":{"start":{"line":14,"column":108},"end":{"line":14,"column":109}},"loc":{"start":{"line":14,"column":135},"end":{"line":14,"column":382}},"line":14},"5":{"name":"_next","decl":{"start":{"line":14,"column":178},"end":{"line":14,"column":183}},"loc":{"start":{"line":14,"column":191},"end":{"line":14,"column":266}},"line":14},"6":{"name":"_throw","decl":{"start":{"line":14,"column":276},"end":{"line":14,"column":282}},"loc":{"start":{"line":14,"column":288},"end":{"line":14,"column":362}},"line":14},"7":{"name":"(anonymous_7)","decl":{"start":{"line":18,"column":0},"end":{"line":18,"column":1}},"loc":{"start":{"line":18,"column":12},"end":{"line":86,"column":1}},"line":18},"8":{"name":"_callee","decl":{"start":{"line":21,"column":35},"end":{"line":21,"column":42}},"loc":{"start":{"line":21,"column":53},"end":{"line":81,"column":3}},"line":21},"9":{"name":"_callee$","decl":{"start":{"line":23,"column":44},"end":{"line":23,"column":52}},"loc":{"start":{"line":23,"column":63},"end":{"line":80,"column":5}},"line":23},"10":{"name":"deletePosted","decl":{"start":{"line":83,"column":18},"end":{"line":83,"column":30}},"loc":{"start":{"line":83,"column":40},"end":{"line":85,"column":3}},"line":83}},"branchMap":{"0":{"loc":{"start":{"line":10,"column":46},"end":{"line":10,"column":94}},"type":"cond-expr","locations":[{"start":{"line":10,"column":70},"end":{"line":10,"column":73}},{"start":{"line":10,"column":76},"end":{"line":10,"column":94}}],"line":10},"1":{"loc":{"start":{"line":10,"column":46},"end":{"line":10,"column":67}},"type":"binary-expr","locations":[{"start":{"line":10,"column":46},"end":{"line":10,"column":49}},{"start":{"line":10,"column":53},"end":{"line":10,"column":67}}],"line":10},"2":{"loc":{"start":{"line":12,"column":176},"end":{"line":12,"column":263}},"type":"if","locations":[{"start":{"line":12,"column":176},"end":{"line":12,"column":263}},{"start":{"line":12,"column":176},"end":{"line":12,"column":263}}],"line":12},"3":{"loc":{"start":{"line":25,"column":8},"end":{"line":78,"column":9}},"type":"switch","locations":[{"start":{"line":26,"column":10},"end":{"line":31,"column":64}},{"start":{"line":33,"column":10},"end":{"line":45,"column":45}},{"start":{"line":47,"column":10},"end":{"line":57,"column":66}},{"start":{"line":59,"column":10},"end":{"line":65,"column":18}},{"start":{"line":67,"column":10},"end":{"line":73,"column":15}},{"start":{"line":75,"column":10},"end":{"line":75,"column":18}},{"start":{"line":76,"column":10},"end":{"line":77,"column":35}}],"line":25},"4":{"loc":{"start":{"line":36,"column":12},"end":{"line":39,"column":13}},"type":"if","locations":[{"start":{"line":36,"column":12},"end":{"line":39,"column":13}},{"start":{"line":36,"column":12},"end":{"line":39,"column":13}}],"line":36},"5":{"loc":{"start":{"line":48,"column":12},"end":{"line":53,"column":13}},"type":"if","locations":[{"start":{"line":48,"column":12},"end":{"line":53,"column":13}},{"start":{"line":48,"column":12},"end":{"line":53,"column":13}}],"line":48}},"s":{"0":1,"1":1,"2":1,"3":1,"4":4,"5":4,"6":4,"7":0,"8":0,"9":4,"10":2,"11":2,"12":1,"13":2,"14":2,"15":2,"16":2,"17":4,"18":0,"19":2,"20":1,"21":1,"22":2,"23":6,"24":6,"25":2,"26":2,"27":2,"28":2,"29":2,"30":2,"31":2,"32":0,"33":0,"34":2,"35":2,"36":0,"37":0,"38":0,"39":0,"40":0,"41":0,"42":0,"43":0,"44":0,"45":0,"46":0,"47":2,"48":1,"49":2,"50":1,"51":1},"f":{"0":1,"1":4,"2":1,"3":2,"4":2,"5":4,"6":0,"7":1,"8":2,"9":6,"10":2},"b":{"0":[1,0],"1":[1,1],"2":[2,2],"3":[2,2,0,0,0,0,2],"4":[0,2],"5":[0,0]},"_coverageSchema":"43e27e138ebf9cfc5966b082cf9a028302ed4184","hash":"6ce070828337b130f319d6193b3015f6fcd9e8e8","contentHash":"0177cd15c992d907be8a800fc36af2d312e157df7892efb56dd3f378ada698ef"},"G:\\Auto-Mart-Website\\server\\middleware\\auth.js":{"path":"G:\\Auto-Mart-Website\\server\\middleware\\auth.js","statementMap":{"0":{"start":{"line":3,"column":0},"end":{"line":5,"column":3}},"1":{"start":{"line":6,"column":0},"end":{"line":6,"column":28}},"2":{"start":{"line":8,"column":20},"end":{"line":8,"column":67}},"3":{"start":{"line":10,"column":39},"end":{"line":10,"column":95}},"4":{"start":{"line":12,"column":11},"end":{"line":32,"column":1}},"5":{"start":{"line":13,"column":2},"end":{"line":29,"column":3}},"6":{"start":{"line":14,"column":17},"end":{"line":14,"column":42}},"7":{"start":{"line":15,"column":4},"end":{"line":18,"column":7}},"8":{"start":{"line":15,"column":34},"end":{"line":18,"column":7}},"9":{"start":{"line":20,"column":16},"end":{"line":20,"column":69}},"10":{"start":{"line":22,"column":4},"end":{"line":22,"column":21}},"11":{"start":{"line":23,"column":4},"end":{"line":23,"column":11}},"12":{"start":{"line":25,"column":4},"end":{"line":28,"column":7}},"13":{"start":{"line":31,"column":2},"end":{"line":31,"column":15}},"14":{"start":{"line":34,"column":15},"end":{"line":34,"column":19}},"15":{"start":{"line":35,"column":0},"end":{"line":35,"column":30}}},"fnMap":{"0":{"name":"_interopRequireDefault","decl":{"start":{"line":10,"column":9},"end":{"line":10,"column":31}},"loc":{"start":{"line":10,"column":37},"end":{"line":10,"column":97}},"line":10},"1":{"name":"auth","decl":{"start":{"line":12,"column":20},"end":{"line":12,"column":24}},"loc":{"start":{"line":12,"column":41},"end":{"line":32,"column":1}},"line":12}},"branchMap":{"0":{"loc":{"start":{"line":10,"column":46},"end":{"line":10,"column":94}},"type":"cond-expr","locations":[{"start":{"line":10,"column":70},"end":{"line":10,"column":73}},{"start":{"line":10,"column":76},"end":{"line":10,"column":94}}],"line":10},"1":{"loc":{"start":{"line":10,"column":46},"end":{"line":10,"column":67}},"type":"binary-expr","locations":[{"start":{"line":10,"column":46},"end":{"line":10,"column":49}},{"start":{"line":10,"column":53},"end":{"line":10,"column":67}}],"line":10},"2":{"loc":{"start":{"line":15,"column":4},"end":{"line":18,"column":7}},"type":"if","locations":[{"start":{"line":15,"column":4},"end":{"line":18,"column":7}},{"start":{"line":15,"column":4},"end":{"line":18,"column":7}}],"line":15},"3":{"loc":{"start":{"line":15,"column":8},"end":{"line":15,"column":32}},"type":"binary-expr","locations":[{"start":{"line":15,"column":8},"end":{"line":15,"column":15}},{"start":{"line":15,"column":19},"end":{"line":15,"column":32}}],"line":15}},"s":{"0":1,"1":1,"2":1,"3":1,"4":1,"5":32,"6":32,"7":32,"8":6,"9":26,"10":25,"11":25,"12":1,"13":25,"14":1,"15":1},"f":{"0":1,"1":32},"b":{"0":[0,1],"1":[1,1],"2":[6,26],"3":[32,26]},"_coverageSchema":"43e27e138ebf9cfc5966b082cf9a028302ed4184","hash":"087656badf00ba4e518f9098ca26ae1d527f9b9f","contentHash":"6195954631dc4fefdffc2ab32266fbb20bd6c5bd2071bb3d6faf83264a95c58b"},"G:\\Auto-Mart-Website\\server\\routes\\purchaseOrder.js":{"path":"G:\\Auto-Mart-Website\\server\\routes\\purchaseOrder.js","statementMap":{"0":{"start":{"line":3,"column":0},"end":{"line":5,"column":3}},"1":{"start":{"line":6,"column":0},"end":{"line":6,"column":28}},"2":{"start":{"line":8,"column":15},"end":{"line":8,"column":57}},"3":{"start":{"line":10,"column":12},"end":{"line":10,"column":65}},"4":{"start":{"line":12,"column":21},"end":{"line":12,"column":84}},"5":{"start":{"line":14,"column":39},"end":{"line":14,"column":95}},"6":{"start":{"line":16,"column":13},"end":{"line":16,"column":41}},"7":{"start":{"line":18,"column":0},"end":{"line":18,"column":62}},"8":{"start":{"line":19,"column":15},"end":{"line":19,"column":21}},"9":{"start":{"line":20,"column":0},"end":{"line":20,"column":30}}},"fnMap":{"0":{"name":"_interopRequireDefault","decl":{"start":{"line":14,"column":9},"end":{"line":14,"column":31}},"loc":{"start":{"line":14,"column":37},"end":{"line":14,"column":97}},"line":14}},"branchMap":{"0":{"loc":{"start":{"line":14,"column":46},"end":{"line":14,"column":94}},"type":"cond-expr","locations":[{"start":{"line":14,"column":70},"end":{"line":14,"column":73}},{"start":{"line":14,"column":76},"end":{"line":14,"column":94}}],"line":14},"1":{"loc":{"start":{"line":14,"column":46},"end":{"line":14,"column":67}},"type":"binary-expr","locations":[{"start":{"line":14,"column":46},"end":{"line":14,"column":49}},{"start":{"line":14,"column":53},"end":{"line":14,"column":67}}],"line":14}},"s":{"0":1,"1":1,"2":1,"3":1,"4":1,"5":3,"6":1,"7":1,"8":1,"9":1},"f":{"0":3},"b":{"0":[2,1],"1":[3,3]},"_coverageSchema":"43e27e138ebf9cfc5966b082cf9a028302ed4184","hash":"11ac6c96d7f1d4dbda86afb97341beab5677402c","contentHash":"1a149a646bdb3df09d524aca9f601757d98a6b6e568cea921e2428a6cf859f7a"},"G:\\Auto-Mart-Website\\server\\controllers\\purchaseOrder.js":{"path":"G:\\Auto-Mart-Website\\server\\controllers\\purchaseOrder.js","statementMap":{"0":{"start":{"line":3,"column":0},"end":{"line":5,"column":3}},"1":{"start":{"line":6,"column":0},"end":{"line":6,"column":28}},"2":{"start":{"line":8,"column":16},"end":{"line":8,"column":69}},"3":{"start":{"line":10,"column":21},"end":{"line":10,"column":80}},"4":{"start":{"line":12,"column":39},"end":{"line":12,"column":95}},"5":{"start":{"line":14,"column":77},"end":{"line":14,"column":175}},"6":{"start":{"line":14,"column":94},"end":{"line":14,"column":107}},"7":{"start":{"line":14,"column":121},"end":{"line":14,"column":131}},"8":{"start":{"line":14,"column":151},"end":{"line":14,"column":165}},"9":{"start":{"line":14,"column":166},"end":{"line":14,"column":173}},"10":{"start":{"line":14,"column":176},"end":{"line":14,"column":263}},"11":{"start":{"line":14,"column":193},"end":{"line":14,"column":208}},"12":{"start":{"line":14,"column":218},"end":{"line":14,"column":261}},"13":{"start":{"line":16,"column":33},"end":{"line":16,"column":387}},"14":{"start":{"line":16,"column":65},"end":{"line":16,"column":69}},"15":{"start":{"line":16,"column":78},"end":{"line":16,"column":87}},"16":{"start":{"line":16,"column":89},"end":{"line":16,"column":384}},"17":{"start":{"line":16,"column":147},"end":{"line":16,"column":167}},"18":{"start":{"line":16,"column":193},"end":{"line":16,"column":264}},"19":{"start":{"line":16,"column":290},"end":{"line":16,"column":360}},"20":{"start":{"line":16,"column":363},"end":{"line":16,"column":380}},"21":{"start":{"line":20,"column":0},"end":{"line":129,"column":3}},"22":{"start":{"line":21,"column":13},"end":{"line":124,"column":5}},"23":{"start":{"line":26,"column":4},"end":{"line":123,"column":33}},"24":{"start":{"line":27,"column":6},"end":{"line":122,"column":7}},"25":{"start":{"line":28,"column":8},"end":{"line":121,"column":9}},"26":{"start":{"line":30,"column":12},"end":{"line":30,"column":30}},"27":{"start":{"line":31,"column":12},"end":{"line":31,"column":120}},"28":{"start":{"line":33,"column":12},"end":{"line":36,"column":13}},"29":{"start":{"line":34,"column":14},"end":{"line":34,"column":32}},"30":{"start":{"line":35,"column":14},"end":{"line":35,"column":20}},"31":{"start":{"line":38,"column":12},"end":{"line":41,"column":15}},"32":{"start":{"line":42,"column":12},"end":{"line":42,"column":45}},"33":{"start":{"line":45,"column":12},"end":{"line":50,"column":14}},"34":{"start":{"line":51,"column":12},"end":{"line":51,"column":62}},"35":{"start":{"line":52,"column":12},"end":{"line":52,"column":38}},"36":{"start":{"line":53,"column":12},"end":{"line":53,"column":31}},"37":{"start":{"line":54,"column":
[...]
{"start":{"line":14,"column":39},"end":{"line":14,"column":95}},"6":{"start":{"line":16,"column":13},"end":{"line":16,"column":41}},"7":{"start":{"line":18,"column":0},"end":{"line":18,"column":69}},"8":{"start":{"line":19,"column":15},"end":{"line":19,"column":21}},"9":{"start":{"line":20,"column":0},"end":{"line":20,"column":30}}},"fnMap":{"0":{"name":"_interopRequireDefault","decl":{"start":{"line":14,"column":9},"end":{"line":14,"column":31}},"loc":{"start":{"line":14,"column":37},"end":{"line":14,"column":97}},"line":14}},"branchMap":{"0":{"loc":{"start":{"line":14,"column":46},"end":{"line":14,"column":94}},"type":"cond-expr","locations":[{"start":{"line":14,"column":70},"end":{"line":14,"column":73}},{"start":{"line":14,"column":76},"end":{"line":14,"column":94}}],"line":14},"1":{"loc":{"start":{"line":14,"column":46},"end":{"line":14,"column":67}},"type":"binary-expr","locations":[{"start":{"line":14,"column":46},"end":{"line":14,"column":49}},{"start":{"line":14,"column":53},"end":{"line":14,"column":67}}],"line":14}},"s":{"0":1,"1":1,"2":1,"3":1,"4":1,"5":3,"6":1,"7":1,"8":1,"9":1},"f":{"0":3},"b":{"0":[2,1],"1":[3,3]},"_coverageSchema":"43e27e138ebf9cfc5966b082cf9a028302ed4184","hash":"c9f832e746deac117adb52f3b228a8f235e313ae","contentHash":"26cb723063ca0edbd002de2a2c71047b39f4ca8d7ce5fa61fb548419eb751770"},"G:\\Auto-Mart-Website\\server\\controllers\\unsoldMake.js":{"path":"G:\\Auto-Mart-Website\\server\\controllers\\unsoldMake.js","statementMap":{"0":{"start":{"line":3,"column":0},"end":{"line":5,"column":3}},"1":{"start":{"line":6,"column":0},"end":{"line":6,"column":28}},"2":{"start":{"line":8,"column":16},"end":{"line":8,"column":69}},"3":{"start":{"line":10,"column":39},"end":{"line":10,"column":95}},"4":{"start":{"line":12,"column":77},"end":{"line":12,"column":175}},"5":{"start":{"line":12,"column":94},"end":{"line":12,"column":107}},"6":{"start":{"line":12,"column":121},"end":{"line":12,"column":131}},"7":{"start":{"line":12,"column":151},"end":{"line":12,"column":165}},"8":{"start":{"line":12,"column":166},"end":{"line":12,"column":173}},"9":{"start":{"line":12,"column":176},"end":{"line":12,"column":263}},"10":{"start":{"line":12,"column":193},"end":{"line":12,"column":208}},"11":{"start":{"line":12,"column":218},"end":{"line":12,"column":261}},"12":{"start":{"line":14,"column":33},"end":{"line":14,"column":387}},"13":{"start":{"line":14,"column":65},"end":{"line":14,"column":69}},"14":{"start":{"line":14,"column":78},"end":{"line":14,"column":87}},"15":{"start":{"line":14,"column":89},"end":{"line":14,"column":384}},"16":{"start":{"line":14,"column":147},"end":{"line":14,"column":167}},"17":{"start":{"line":14,"column":193},"end":{"line":14,"column":264}},"18":{"start":{"line":14,"column":290},"end":{"line":14,"column":360}},"19":{"start":{"line":14,"column":363},"end":{"line":14,"column":380}},"20":{"start":{"line":18,"column":0},"end":{"line":75,"column":3}},"21":{"start":{"line":19,"column":13},"end":{"line":70,"column":5}},"22":{"start":{"line":23,"column":4},"end":{"line":69,"column":33}},"23":{"start":{"line":24,"column":6},"end":{"line":68,"column":7}},"24":{"start":{"line":25,"column":8},"end":{"line":67,"column":9}},"25":{"start":{"line":27,"column":12},"end":{"line":27,"column":30}},"26":{"start":{"line":28,"column":12},"end":{"line":28,"column":96}},"27":{"start":{"line":29,"column":12},"end":{"line":29,"column":64}},"28":{"start":{"line":30,"column":12},"end":{"line":30,"column":30}},"29":{"start":{"line":31,"column":12},"end":{"line":31,"column":76}},"30":{"start":{"line":34,"column":12},"end":{"line":34,"column":39}},"31":{"start":{"line":36,"column":12},"end":{"line":39,"column":13}},"32":{"start":{"line":37,"column":14},"end":{"line":37,"column":32}},"33":{"start":{"line":38,"column":14},"end":{"line":38,"column":20}},"34":{"start":{"line":41,"column":12},"end":{"line":45,"column":15}},"35":{"start":{"line":46,"column":12},"end":{"line":46,"column":45}},"36":{"start":{"line":49,"column":12},"end":{"line":52,"column":15}},"37":{"start":{"line":53,"column":12},"end":{"line":53,"column":31}},"38":{"start":{"line":54,"column":12},"end":{"line":54,"column":18}},"39":{"start":{"line":57,"column":12},"end":{"line":57,"column":31}},"40":{"start":{"line":58,"column":12},"end":{"line":58,"column":47}},"41":{"start":{"line":59,"column":12},"end":{"line":62,"column":15}},"42":{"start":{"line":66,"column":12},"end":{"line":66,"column":35}},"43":{"start":{"line":72,"column":2},"end":{"line":74,"column":4}},"44":{"start":{"line":73,"column":4},"end":{"line":73,"column":39}},"45":{"start":{"line":77,"column":15},"end":{"line":77,"column":34}},"46":{"start":{"line":78,"column":0},"end":{"line":78,"column":30}}},"fnMap":{"0":{"name":"_interopRequireDefault","decl":{"start":{"line":10,"column":9},"end":{"line":10,"column":31}},"loc":{"start":{"line":10,"column":37},"end":{"line":10,"column":97}},"line":10},"1":{"name":"asyncGeneratorStep","decl":{"start":{"line":12,"column":9},"end":{"line":12,"column":27}},"loc":{"start":{"line":12,"column":75},"end":{"line":12,"column":265}},"line":12},"2":{"name":"_asyncToGenerator","decl":{"start":{"line":14,"column":9},"end":{"line":14,"column":26}},"loc":{"start":{"line":14,"column":31},"end":{"line":14,"column":389}},"line":14},"3":{"name":"(anonymous_3)","decl":{"start":{"line":14,"column":40},"end":{"line":14,"column":41}},"loc":{"start":{"line":14,"column":52},"end":{"line":14,"column":386}},"line":14},"4":{"name":"(anonymous_4)","decl":{"start":{"line":14,"column":108},"end":{"line":14,"column":109}},"loc":{"start":{"line":14,"column":135},"end":{"line":14,"column":382}},"line":14},"5":{"name":"_next","decl":{"start":{"line":14,"column":178},"end":{"line":14,"column":183}},"loc":{"start":{"line":14,"column":191},"end":{"line":14,"column":266}},"line":14},"6":{"name":"_throw","decl":{"start":{"line":14,"column":276},"end":{"line":14,"column":282}},"loc":{"start":{"line":14,"column":288},"end":{"line":14,"column":362}},"line":14},"7":{"name":"(anonymous_7)","decl":{"start":{"line":18,"column":0},"end":{"line":18,"column":1}},"loc":{"start":{"line":18,"column":12},"end":{"line":75,"column":1}},"line":18},"8":{"name":"_callee","decl":{"start":{"line":21,"column":35},"end":{"line":21,"column":42}},"loc":{"start":{"line":21,"column":53},"end":{"line":70,"column":3}},"line":21},"9":{"name":"_callee$","decl":{"start":{"line":23,"column":44},"end":{"line":23,"column":52}},"loc":{"start":{"line":23,"column":63},"end":{"line":69,"column":5}},"line":23},"10":{"name":"getUsedManufacturer","decl":{"start":{"line":72,"column":18},"end":{"line":72,"column":37}},"loc":{"start":{"line":72,"column":47},"end":{"line":74,"column":3}},"line":72}},"branchMap":{"0":{"loc":{"start":{"line":10,"column":46},"end":{"line":10,"column":94}},"type":"cond-expr","locations":[{"start":{"line":10,"column":70},"end":{"line":10,"column":73}},{"start":{"line":10,"column":76},"end":{"line":10,"column":94}}],"line":10},"1":{"loc":{"start":{"line":10,"column":46},"end":{"line":10,"column":67}},"type":"binary-expr","locations":[{"start":{"line":10,"column":46},"end":{"line":10,"column":49}},{"start":{"line":10,"column":53},"end":{"line":10,"column":67}}],"line":10},"2":{"loc":{"start":{"line":12,"column":176},"end":{"line":12,"column":263}},"type":"if","locations":[{"start":{"line":12,"column":176},"end":{"line":12,"column":263}},{"start":{"line":12,"column":176},"end":{"line":12,"column":263}}],"line":12},"3":{"loc":{"start":{"line":25,"column":8},"end":{"line":67,"column":9}},"type":"switch","locations":[{"start":{"line":26,"column":10},"end":{"line":31,"column":76}},{"start":{"line":33,"column":10},"end":{"line":46,"column":45}},{"start":{"line":48,"column":10},"end":{"line":54,"column":18}},{"start":{"line":56,"column":10},"end":{"line":62,"column":15}},{"start":{"line":64,"column":10},"end":{"line":64,"column":18}},{"start":{"line":65,"column":10},"end":{"line":66,"column":35}}],"line":25},"4":{"loc":{"start":{"line":36,"column":12},"end":{"line":39,"column":13}},"type":"if","locations":[{"start":{"line":36,"column":12},"end":{"line":39,"column":13}},{"start":{"line":36,"column":12},"end":{"line":39,"column":13}}],"line":36}},"s":{"0":1,"1":1,"2":1,"3":1,"4":0,"5":0,"6":0,"7":0,"8":0,"9":0,"10":0,"11":0,"12":1,"13":0,"14":0,"15":0,"16":0,"17":0,"18":0,"19":0,"20":1,"21":1,"22":0,"23":0,"24":0,"25":0,"26":0,"27":0,"28":0,"29":0,"30":0,"31":0,"32":0,"33":0,"34":0,"35":0,"36":0,"37":0,"38":0,"39":0,"40":0,"41":0,"42":0,"43":1,"44":0,"45":1,"46":1},"f":{"0":1,"1":0,"2":1,"3":0,"4":0,"5":0,"6":0,"7":1,"8":0,"9":0,"10":0},"b":{"0":[1,0],"1":[1,1],"2":[0,0],"3":[0,0,0,0,0,0],"4":[0,0]},"_coverageSchema":"43e27e138ebf9cfc5966b082cf9a028302ed4184","hash":"c5a9247572eed6abbadd04baa7ca378d38e445d8","contentHash":"86cdfc97bfc233409d8cd547d709277f935cc22c2d31b90521a7cf10b28eca6c"},"G:\\Auto-Mart-Website\\server\\routes\\newUnsold.js":{"path":"G:\\Auto-Mart-Website\\server\\routes\\newUnsold.js","statementMap":{"0":{"start":{"line":3,"column":0},"end":{"line":5,"column":3}},"1":{"start":{"line":6,"column":0},"end":{"line":6,"column":28}},"2":{"start":{"line":8,"column":15},"end":{"line":8,"column":57}},"3":{"start":{"line":10,"column":12},"end":{"line":10,"column":65}},"4":{"start":{"line":12,"column":17},"end":{"line":12,"column":76}},"5":{"start":{"line":14,"column":39},"end":{"line":14,"column":95}},"6":{"start":{"line":16,"column":13},"end":{"line":16,"column":41}},"7":{"start":{"line":18,"column":0},"end":{"line":18,"column":70}},"8":{"start":{"line":19,"column":15},"end":{"line":19,"column":21}},"9":{"start":{"line":20,"column":0},"end":{"line":20,"column":30}}},"fnMap":{"0":{"name":"_interopRequireDefault","decl":{"start":{"line":14,"column":9},"end":{"line":14,"column":31}},"loc":{"start":{"line":14,"column":37},"end":{"line":14,"column":97}},"line":14}},"branchMap":{"0":{"loc":{"start":{"line":14,"column":46},"end":{"line":14,"column":94}},"type":"cond-expr","locations":[{"start":{"line":14,"column":70},"end":{"line":14,"column":73}},{"start":{"line":14,"column":76},"end":{"line":14,"column":94}}],"line":14},"1":{"loc":{"start":{"line":14,"column":46},"end":{"line":14,"column":67}},"type":"binary-expr","locations":[{"start":{"line":14,"column":46},"end":{"line":14,"column":49}},{"start":{"line":14,"column":53},"end":{"line":14,"column":67}}],"line":14}},"s":{"0":1,"1":1,"2":1,"3":1,"4":1,"5":3,"6":1,"7":1,"8":1,"9":1},"f":{"0":3},"b":{"0":[2,1],"1":[3,3]},"_coverageSchema":"43e27e138ebf9cfc5966b082cf9a028302ed4184","hash":"66db95e69fbb767b5fb2e9d9fe3192d3968d5942","contentHash":"3b6962ea486380a47994d5fe8ed028e6f588b0a34dbab4400e4ff876cfc0f3ab"},"G:\\Auto-Mart-Website\\server\\routes\\bodyTypes.js":{"path":"G:\\Auto-Mart-Website\\server\\routes\\bodyTypes.js","statementMap":{"0":{"start":{"line":3,"column":0},"end":{"line":5,"column":3}},"1":{"start":{"line":6,"column":0},"end":{"line":6,"column":28}},"2":{"start":{"line":8,"column":15},"end":{"line":8,"column":57}},"3":{"start":{"line":10,"column":12},"end":{"line":10,"column":65}},"4":{"start":{"line":12,"column":20},"end":{"line":12,"column":82}},"5":{"start":{"line":14,"column":39},"end":{"line":14,"column":95}},"6":{"start":{"line":16,"column":13},"end":{"line":16,"column":41}},"7":{"start":{"line":18,"column":0},"end":{"line":18,"column":68}},"8":{"start":{"line":19,"column":15},"end":{"line":19,"column":21}},"9":{"start":{"line":20,"column":0},"end":{"line":20,"column":30}}},"fnMap":{"0":{"name":"_interopRequireDefault","decl":{"start":{"line":14,"column":9},"end":{"line":14,"column":31}},"loc":{"start":{"line":14,"column":37},"end":{"line":14,"column":97}},"line":14}},"branchMap":{"0":{"loc":{"start":{"line":14,"column":46},"end":{"line":14,"column":94}},"type":"cond-expr","locations":[{"start":{"line":14,"column":70},"end":{"line":14,"column":73}},{"start":{"line":14,"column":76},"end":{"line":14,"column":94}}],"line":14},"1":{"loc":{"start":{"line":14,"column":46},"end":{"line":14,"column":67}},"type":"binary-expr","locations":[{"start":{"line":14,"column":46},"end":{"line":14,"column":49}},{"start":{"line":14,"column":53},"end":{"line":14,"column":67}}],"line":14}},"s":{"0":1,"1":1,"2":1,"3":1,"4":1,"5":3,"6":1,"7":1,"8":1,"9":1},"f":{"0":3},"b":{"0":[2,1],"1":[3,3]},"_coverageSchema":"43e27e138ebf9cfc5966b082cf9a028302ed4184","hash":"bc9c57cc6e99b41c3d78301ea6a123081a94e256","contentHash":"8ca64b44fc84879795e0d3bc066a199a6b04938bad5749c086d7dda887fa9e43"},"G:\\Auto-Mart-Website\\server\\controllers\\viewBodyType.js":{"path":"G:\\Auto-Mart-Website\\server\\controllers\\viewBodyType.js","statementMap":{"0":{"start":{"line":3,"column":0},"end":{"line":5,"column":3}},"1":{"start":{"line":6,"column":0},"end":{"line":6,"column":28}},"2":{"start":{"line":8,"column":16},"end":{"line":8,"column":69}},"3":{"start":{"line":10,"column":39},"end":{"line":10,"column":95}},"4":{"start":{"line":12,"column":77},"end":{"line":12,"column":175}},"5":{"start":{"line":12,"column":94},"end":{"line":12,"column":107}},"6":{"start":{"line":12,"column":121},"end":{"line":12,"column":131}},"7":{"start":{"line":12,"column":151},"end":{"line":12,"column":165}},"8":{"start":{"line":12,"column":166},"end":{"line":12,"column":173}},"9":{"start":{"line":12,"column":176},"end":{"line":12,"column":263}},"10":{"start":{"line":12,"column":193},"end":{"line":12,"column":208}},"11":{"start":{"line":12,"column":218},"end":{"line":12,"column":261}},"12":{"start":{"line":14,"column":33},"end":{"line":14,"column":387}},"13":{"start":{"line":14,"column":65},"end":{"line":14,"column":69}},"14":{"start":{"line":14,"column":78},"end":{"line":14,"column":87}},"15":{"start":{"line":14,"column":89},"end":{"line":14,"column":384}},"16":{"start":{"line":14,"column":147},"end":{"line":14,"column":167}},"17":{"start":{"line":14,"column":193},"end":{"line":14,"column":264}},"18":{"start":{"line":14,"column":290},"end":{"line":14,"column":360}},"19":{"start":{"line":14,"column":363},"end":{"line":14,"column":380}},"20":{"start":{"line":18,"column":0},"end":{"line":75,"column":3}},"21":{"start":{"line":19,"column":13},"end":{"line":70,"column":5}},"22":{"start":{"line":23,"column":4},"end":{"line":69,"column":33}},"23":{"start":{"line":24,"column":6},"end":{"line":68,"column":7}},"24":{"start":{"line":25,"column":8},"end":{"line":67,"column":9}},"25":{"start":{"line":27,"column":12},"end":{"line":27,"column":30}},"26":{"start":{"line":28,"column":12},"end":{"line":28,"column":69}},"27":{"start":{"line":29,"column":12},"end":{"line":29,"column":40}},"28":{"start":{"line":30,"column":12},"end":{"line":30,"column":30}},"29":{"start":{"line":31,"column":12},"end":{"line":31,"column":69}},"30":{"start":{"line":34,"column":12},"end":{"line":34,"column":37}},"31":{"start":{"line":36,"column":12},"end":{"line":39,"column":13}},"32":{"start":{"line":37,"column":14},"end":{"line":37,"column":32}},"33":{"start":{"line":38,"column":14},"end":{"line":38,"column":20}},"34":{"start":{"line":41,"column":12},"end":{"line":45,"column":15}},"35":{"start":{"line":46,"column":12},"end":{"line":46,"column":45}},"36":{"start":{"line":49,"column":12},"end":{"line":52,"column":15}},"37":{"start":{"line":53,"column":12},"end":{"line":53,"column":31}},"38":{"start":{"line":54,"column":12},"end":{"line":54,"column":18}},"39":{"start":{"line":57,"column":12},"end":{"line":57,"column":31}},"40":{"start":{"line":58,"column":12},"end":{"line":58,"column":47}},"41":{"start":{"line":59,"column":12},"end":{"line":62,"column":15}},"42":{"start":{"line":66,"column":12},"end":{"line":66,"column":35}},"43":{"start":{"line":72,"column":2},"end":{"line":74,"column":4}},"44":{"start":{"line":73,"column":4},"end":{"line":73,"column":39}},"45":{"start":{"line":77,"column":15},"end":{"line":77,"column":26}},"46":{"start":{"line":78,"column":0},"end":{"line":78,"column":30}}},"fnMap":{"0":{"name":"_interopRequireDefault","decl":{"start":{"line":10,"column":9},"end":{"line":10,"column":31}},"loc":{"start":{"line":10,"column":37},"end":{"line":10,"column":97}},"line":10},"1":{"name":"asyncGeneratorStep","decl":{"start":{"line":12,"column":9},"end":{"line":12,"column":27}},"loc":{"start":{"line":12,"column":75},"end":{"line":12,"column":265}},"line":12},"2":{"name":"_asyncToGenerator","decl":{"start":{"line":14,"column":9},"end":{"line":14,"column":26}},"loc":{"start":{"line":14,"column":31},"end":{"line":14,"column":389}},"line":14},"3":{"name":"(anonymous_3)","decl":{"start":{"line":14,"column":40},"end":{"line":14,"column":41}},"loc":{"start":{"line":14,"column":52},"end":{"line":14,"column":386}},"line":14},"4":{"name":"(anonymous_4)","decl":{"start":{"line":14,"column":108},"end":{"line":14,"column":109}},"loc":{"start":{"line":14,"column":135},"end":{"line":14,"column":382}},"line":14},"5":{"name":"_next","decl":{"start":{"line":14,"column":178},"end":{"line":14,"column":183}},"loc":{"start":{"line":14,"column":191},"end":{"line":14,"column":266}},"line":14},"6":{"name":"_throw","decl":{"start":{"line":14,"column":276},"end":{"line":14,"column":282}},"loc":{"start":{"line":14,"column":288},"end":{"line":14,"column":362}},"line":14},"7":{"name":"(anonymous_7)","decl":{"start":{"line":18,"column":0},"end":{"line":18,"column":1}},"loc":{"start":{"line":18,"column":12},"end":{"line":75,"column":1}},"line":18},"8":{"name":"_callee","decl":{"start":{"line":21,"column":35},"end":{"line":21,"column":42}},"loc":{"start":{"line":21,"column":53},"end":{"line":70,"column":3}},"line":21},"9":{"name":"_callee$","decl":{"start":{"line":23,"column":44},"end":{"line":23,"column":52}},"loc":{"start":{"line":23,"column":63},"end":{"line":69,"column":5}},"line":23},"10":{"name":"getBodyType","decl":{"start":{"line":72,"column":18},"end":{"line":72,"column":29}},"loc":{"start":{"line":72,"column":39},"end":{"line":74,"column":3}},"line":72}},"branchMap":{"0":{"loc":{"start":{"line":10,"column":46},"end":{"line":10,"column":94}},"type":"cond-expr","locations":[{"start":{"line":10,"column":70},"end":{"line":10,"column":73}},{"start":{"line":10,"column":76},"end":{"line":10,"column":94}}],"line":10},"1":{"loc":{"start":{"line":10,"column":46},"end":{"line":10,"column":67}},"type":"binary-expr","locations":[{"start":{"line":10,"column":46},"end":{"line":10,"column":49}},{"start":{"line":10,"column":53},"end":{"line":10,"column":67}}],"line":10},"2":{"loc":{"start":{"line":12,"column":176},"end":{"line":12,"column":263}},"type":"if","locations":[{"start":{"line":12,"column":176},"end":{"line":12,"column":263}},{"start":{"line":12,"column":176},"end":{"line":12,"column":263}}],"line":12},"3":{"loc":{"start":{"line":25,"column":8},"end":{"line":67,"column":9}},"type":"switch","locations":[{"start":{"line":26,"column":10},"end":{"line":31,"column":69}},{"start":{"line":33,"column":10},"end":{"line":46,"column":45}},{"start":{"line":48,"column":10},"end":{"line":54,"column":18}},{"start":{"line":56,"column":10},"end":{"line":62,"column":15}},{"start":{"line":64,"column":10},"end":{"line":64,"column":18}},{"start":{"line":65,"column":10},"end":{"line":66,"column":35}}],"line":25},"4":{"loc":{"start":{"line":36,"column":12},"end":{"line":39,"column":13}},"type":"if","locations":[{"start":{"line":36,"column":12},"end":{"line":39,"column":13}},{"start":{"line":36,"column":12},"end":{"line":39,"column":13}}],"line":36}},"s":{"0":1,"1":1,"2":1,"3":1,"4":0,"5":0,"6":0,"7":0,"8":0,"9":0,"10":0,"11":0,"12":1,"13":0,"14":0,"15":0,"16":0,"17":0,"18":0,"19":0,"20":1,"21":1,"22":0,"23":0,"24":0,"25":0,"26":0,"27":0,"28":0,"29":0,"30":0,"31":0,"32":0,"33":0,"34":0,"35":0,"36":0,"37":0,"38":0,"39":0,"40":0,"41":0,"42":0,"43":1,"44":0,"45":1,"46":1},"f":{"0":1,"1":0,"2":1,"3":0,"4":0,"5":0,"6":0,"7":1,"8":0,"9":0,"10":0},"b":{"0":[1,0],"1":[1,1],"2":[0,0],"3":[0,0,0,0,0,0],"4":[0,0]},"_coverageSchema":"43e27e138ebf9cfc5966b082cf9a028302ed4184","hash":"31e365165dce73020fd145dfed3a3af8b090bf5b","contentHash":"e1ac6467252b245118b3bd17bbbc4e39bb65502b0b2a4e6b1f20d789cd9dddbc"}}